{"/home/mickael/Documents/projects/filestash/public/boot/common.js": {"path":"/home/mickael/Documents/projects/filestash/public/boot/common.js","statementMap":{"0":{"start":{"line":2,"column":18},"end":{"line":2,"column":48}},"1":{"start":{"line":3,"column":4},"end":{"line":3,"column":34}},"2":{"start":{"line":4,"column":4},"end":{"line":4,"column":34}},"3":{"start":{"line":5,"column":4},"end":{"line":5,"column":36}},"4":{"start":{"line":6,"column":4},"end":{"line":6,"column":40}},"5":{"start":{"line":7,"column":4},"end":{"line":7,"column":28}},"6":{"start":{"line":9,"column":17},"end":{"line":9,"column":46}},"7":{"start":{"line":10,"column":4},"end":{"line":10,"column":291}},"8":{"start":{"line":11,"column":4},"end":{"line":11,"column":33}},"9":{"start":{"line":12,"column":4},"end":{"line":12,"column":42}},"10":{"start":{"line":14,"column":4},"end":{"line":14,"column":33}},"11":{"start":{"line":15,"column":4},"end":{"line":15,"column":36}},"12":{"start":{"line":16,"column":4},"end":{"line":16,"column":37}}},"fnMap":{"0":{"name":"$error","decl":{"start":{"line":1,"column":16},"end":{"line":1,"column":22}},"loc":{"start":{"line":1,"column":28},"end":{"line":17,"column":1}},"line":1}},"branchMap":{},"s":{"0":5,"1":5,"2":5,"3":5,"4":5,"5":5,"6":5,"7":5,"8":5,"9":5,"10":5,"11":5,"12":5},"f":{"0":5},"b":{},"_coverageSchema":"1a1c01bbd47fc00a2c39e90264f33305004495a9","hash":"29b6aa598d57f2cb55ee807ce3ff534a4603d474"}
,"/home/mickael/Documents/projects/filestash/public/boot/ctrl_boot_backoffice.js": {"path":"/home/mickael/Documents/projects/filestash/public/boot/ctrl_boot_backoffice.js","statementMap":{"0":{"start":{"line":7,"column":4},"end":{"line":20,"column":5}},"1":{"start":{"line":8,"column":8},"end":{"line":13,"column":11}},"2":{"start":{"line":14,"column":8},"end":{"line":14,"column":61}},"3":{"start":{"line":16,"column":8},"end":{"line":16,"column":27}},"4":{"start":{"line":17,"column":20},"end":{"line":17,"column":97}},"5":{"start":{"line":18,"column":8},"end":{"line":18,"column":66}},"6":{"start":{"line":19,"column":8},"end":{"line":19,"column":20}},"7":{"start":{"line":22,"column":0},"end":{"line":22,"column":7}},"8":{"start":{"line":25,"column":22},"end":{"line":25,"column":73}},"9":{"start":{"line":26,"column":4},"end":{"line":26,"column":43}},"10":{"start":{"line":28,"column":4},"end":{"line":30,"column":5}},"11":{"start":{"line":29,"column":8},"end":{"line":29,"column":49}},"12":{"start":{"line":31,"column":4},"end":{"line":33,"column":7}},"13":{"start":{"line":32,"column":8},"end":{"line":32,"column":107}},"14":{"start":{"line":37,"column":4},"end":{"line":40,"column":6}},"15":{"start":{"line":38,"column":8},"end":{"line":38,"column":47}},"16":{"start":{"line":39,"column":8},"end":{"line":39,"column":20}},"17":{"start":{"line":44,"column":4},"end":{"line":44,"column":40}},"18":{"start":{"line":48,"column":4},"end":{"line":48,"column":20}}},"fnMap":{"0":{"name":"main","decl":{"start":{"line":6,"column":30},"end":{"line":6,"column":34}},"loc":{"start":{"line":6,"column":37},"end":{"line":21,"column":1}},"line":6},"1":{"name":"setup_device","decl":{"start":{"line":24,"column":15},"end":{"line":24,"column":27}},"loc":{"start":{"line":24,"column":30},"end":{"line":34,"column":1}},"line":24},"2":{"name":"(anonymous_2)","decl":{"start":{"line":31,"column":81},"end":{"line":31,"column":82}},"loc":{"start":{"line":31,"column":93},"end":{"line":33,"column":5}},"line":31},"3":{"name":"setup_blue_death_screen","decl":{"start":{"line":36,"column":15},"end":{"line":36,"column":38}},"loc":{"start":{"line":36,"column":41},"end":{"line":41,"column":1}},"line":36},"4":{"name":"(anonymous_4)","decl":{"start":{"line":37,"column":21},"end":{"line":37,"column":22}},"loc":{"start":{"line":37,"column":62},"end":{"line":40,"column":5}},"line":37},"5":{"name":"setup_history","decl":{"start":{"line":43,"column":15},"end":{"line":43,"column":28}},"loc":{"start":{"line":43,"column":31},"end":{"line":45,"column":1}},"line":43},"6":{"name":"setup_css","decl":{"start":{"line":47,"column":15},"end":{"line":47,"column":24}},"loc":{"start":{"line":47,"column":27},"end":{"line":49,"column":1}},"line":47}},"branchMap":{"0":{"loc":{"start":{"line":17,"column":20},"end":{"line":17,"column":97}},"type":"cond-expr","locations":[{"start":{"line":17,"column":56},"end":{"line":17,"column":65}},{"start":{"line":17,"column":69},"end":{"line":17,"column":96}}],"line":17},"1":{"loc":{"start":{"line":17,"column":69},"end":{"line":17,"column":96}},"type":"binary-expr","locations":[{"start":{"line":17,"column":69},"end":{"line":17,"column":80}},{"start":{"line":17,"column":84},"end":{"line":17,"column":96}}],"line":17},"2":{"loc":{"start":{"line":18,"column":30},"end":{"line":18,"column":48}},"type":"binary-expr","locations":[{"start":{"line":18,"column":30},"end":{"line":18,"column":33}},{"start":{"line":18,"column":37},"end":{"line":18,"column":48}}],"line":18},"3":{"loc":{"start":{"line":25,"column":22},"end":{"line":25,"column":73}},"type":"cond-expr","locations":[{"start":{"line":25,"column":49},"end":{"line":25,"column":60}},{"start":{"line":25,"column":63},"end":{"line":25,"column":73}}],"line":25},"4":{"loc":{"start":{"line":28,"column":4},"end":{"line":30,"column":5}},"type":"if","locations":[{"start":{"line":28,"column":4},"end":{"line":30,"column":5}},{"start":{},"end":{}}],"line":28},"5":{"loc":{"start":{"line":28,"column":8},"end":{"line":28,"column":86}},"type":"binary-expr","locations":[{"start":{"line":28,"column":8},"end":{"line":28,"column":25}},{"start":{"line":28,"column":29},"end":{"line":28,"column":86}}],"line":28},"6":{"loc":{"start":{"line":32,"column":8},"end":{"line":32,"column":106}},"type":"cond-expr","locations":[{"start":{"line":32,"column":20},"end":{"line":32,"column":60}},{"start":{"line":32,"column":63},"end":{"line":32,"column":106}}],"line":32}},"s":{"0":4,"1":4,"2":0,"3":4,"4":4,"5":4,"6":4,"7":2,"8":4,"9":4,"10":4,"11":0,"12":4,"13":0,"14":4,"15":1,"16":1,"17":4,"18":4},"f":{"0":4,"1":4,"2":0,"3":4,"4":1,"5":4,"6":4},"b":{"0":[0,4],"1":[4,0],"2":[4,4],"3":[4,0],"4":[0,4],"5":[4,0],"6":[0,0]},"_coverageSchema":"1a1c01bbd47fc00a2c39e90264f33305004495a9","hash":"c0a75e57e9354f6a0e084a29a5b42b209fab6e77"}
,"/home/mickael/Documents/projects/filestash/public/components/form.js": {"path":"/home/mickael/Documents/projects/filestash/public/components/form.js","statementMap":{"0":{"start":{"line":12,"column":8},"end":{"line":12,"column":15}},"1":{"start":{"line":13,"column":4},"end":{"line":40,"column":6}},"2":{"start":{"line":15,"column":12},"end":{"line":18,"column":13}},"3":{"start":{"line":16,"column":28},"end":{"line":16,"column":59}},"4":{"start":{"line":17,"column":16},"end":{"line":17,"column":36}},"5":{"start":{"line":17,"column":25},"end":{"line":17,"column":36}},"6":{"start":{"line":19,"column":30},"end":{"line":19,"column":34}},"7":{"start":{"line":20,"column":12},"end":{"line":24,"column":15}},"8":{"start":{"line":27,"column":12},"end":{"line":30,"column":13}},"9":{"start":{"line":28,"column":28},"end":{"line":28,"column":59}},"10":{"start":{"line":29,"column":16},"end":{"line":29,"column":36}},"11":{"start":{"line":29,"column":25},"end":{"line":29,"column":36}},"12":{"start":{"line":31,"column":30},"end":{"line":31,"column":34}},"13":{"start":{"line":32,"column":12},"end":{"line":36,"column":15}},"14":{"start":{"line":44,"column":29},"end":{"line":44,"column":36}},"15":{"start":{"line":46,"column":4},"end":{"line":205,"column":6}},"16":{"start":{"line":57,"column":12},"end":{"line":57,"column":17}},"17":{"start":{"line":59,"column":19},"end":{"line":59,"column":46}},"18":{"start":{"line":60,"column":8},"end":{"line":60,"column":44}},"19":{"start":{"line":60,"column":16},"end":{"line":60,"column":44}},"20":{"start":{"line":61,"column":8},"end":{"line":61,"column":71}},"21":{"start":{"line":61,"column":25},"end":{"line":61,"column":71}},"22":{"start":{"line":62,"column":8},"end":{"line":62,"column":121}},"23":{"start":{"line":62,"column":27},"end":{"line":62,"column":121}},"24":{"start":{"line":63,"column":8},"end":{"line":63,"column":42}},"25":{"start":{"line":63,"column":22},"end":{"line":63,"column":42}},"26":{"start":{"line":64,"column":8},"end":{"line":64,"column":42}},"27":{"start":{"line":64,"column":22},"end":{"line":64,"column":42}},"28":{"start":{"line":66,"column":8},"end":{"line":204,"column":9}},"29":{"start":{"line":68,"column":31},"end":{"line":68,"column":43}},"30":{"start":{"line":69,"column":27},"end":{"line":75,"column":18}},"31":{"start":{"line":76,"column":12},"end":{"line":76,"column":41}},"32":{"start":{"line":76,"column":27},"end":{"line":76,"column":41}},"33":{"start":{"line":77,"column":29},"end":{"line":77,"column":66}},"34":{"start":{"line":78,"column":30},"end":{"line":78,"column":71}},"35":{"start":{"line":79,"column":12},"end":{"line":79,"column":41}},"36":{"start":{"line":80,"column":12},"end":{"line":80,"column":53}},"37":{"start":{"line":81,"column":12},"end":{"line":81,"column":28}},"38":{"start":{"line":83,"column":12},"end":{"line":92,"column":19}},"39":{"start":{"line":94,"column":12},"end":{"line":101,"column":19}},"40":{"start":{"line":104,"column":26},"end":{"line":114,"column":18}},"41":{"start":{"line":115,"column":26},"end":{"line":115,"column":63}},"42":{"start":{"line":116,"column":12},"end":{"line":123,"column":13}},"43":{"start":{"line":117,"column":16},"end":{"line":122,"column":18}},"44":{"start":{"line":118,"column":20},"end":{"line":118,"column":74}},"45":{"start":{"line":118,"column":67},"end":{"line":118,"column":74}},"46":{"start":{"line":119,"column":35},"end":{"line":119,"column":80}},"47":{"start":{"line":120,"column":20},"end":{"line":121,"column":65}},"48":{"start":{"line":120,"column":68},"end":{"line":120,"column":104}},"49":{"start":{"line":121,"column":25},"end":{"line":121,"column":65}},"50":{"start":{"line":124,"column":12},"end":{"line":124,"column":25}},"51":{"start":{"line":128,"column":12},"end":{"line":131,"column":19}},"52":{"start":{"line":133,"column":12},"end":{"line":141,"column":19}},"53":{"start":{"line":143,"column":12},"end":{"line":149,"column":19}},"54":{"start":{"line":151,"column":12},"end":{"line":160,"column":19}},"55":{"start":{"line":162,"column":33},"end":{"line":162,"column":96}},"56":{"start":{"line":162,"column":43},"end":{"line":162,"column":96}},"57":{"start":{"line":163,"column":12},"end":{"line":171,"column":19}},"58":{"start":{"line":173,"column":12},"end":{"line":180,"column":19}},"59":{"start":{"line":182,"column":12},"end":{"line":189,"column":19}},"60":{"start":{"line":191,"column":12},"end":{"line":191,"column":82}},"61":{"start":{"line":195,"column":12},"end":{"line":203,"column":19}},"62":{"start":{"line":209,"column":4},"end":{"line":211,"column":5}},"63":{"start":{"line":210,"column":8},"end":{"line":210,"column":21}},"64":{"start":{"line":212,"column":4},"end":{"line":220,"column":19}},"65":{"start":{"line":215,"column":12},"end":{"line":217,"column":13}},"66":{"start":{"line":216,"column":16},"end":{"line":216,"column":28}},"67":{"start":{"line":218,"column":12},"end":{"line":218,"column":61}}},"fnMap":{"0":{"name":"formTmpl","decl":{"start":{"line":7,"column":16},"end":{"line":7,"column":24}},"loc":{"start":{"line":7,"column":39},"end":{"line":41,"column":1}},"line":7},"1":{"name":"(anonymous_1)","decl":{"start":{"line":14,"column":20},"end":{"line":14,"column":21}},"loc":{"start":{"line":14,"column":30},"end":{"line":25,"column":9}},"line":14},"2":{"name":"(anonymous_2)","decl":{"start":{"line":26,"column":20},"end":{"line":26,"column":21}},"loc":{"start":{"line":26,"column":30},"end":{"line":37,"column":9}},"line":26},"3":{"name":"$renderInput","decl":{"start":{"line":43,"column":9},"end":{"line":43,"column":21}},"loc":{"start":{"line":43,"column":36},"end":{"line":206,"column":1}},"line":43},"4":{"name":"(anonymous_4)","decl":{"start":{"line":46,"column":11},"end":{"line":46,"column":12}},"loc":{"start":{"line":46,"column":27},"end":{"line":205,"column":5}},"line":46},"5":{"name":"(anonymous_5)","decl":{"start":{"line":117,"column":32},"end":{"line":117,"column":33}},"loc":{"start":{"line":117,"column":44},"end":{"line":122,"column":17}},"line":117},"6":{"name":"(anonymous_6)","decl":{"start":{"line":162,"column":33},"end":{"line":162,"column":34}},"loc":{"start":{"line":162,"column":43},"end":{"line":162,"column":96}},"line":162},"7":{"name":"format","decl":{"start":{"line":208,"column":16},"end":{"line":208,"column":22}},"loc":{"start":{"line":208,"column":29},"end":{"line":221,"column":1}},"line":208},"8":{"name":"(anonymous_8)","decl":{"start":{"line":214,"column":13},"end":{"line":214,"column":14}},"loc":{"start":{"line":214,"column":23},"end":{"line":219,"column":9}},"line":214}},"branchMap":{"0":{"loc":{"start":{"line":7,"column":25},"end":{"line":7,"column":37}},"type":"default-arg","locations":[{"start":{"line":7,"column":35},"end":{"line":7,"column":37}}],"line":7},"1":{"loc":{"start":{"line":9,"column":8},"end":{"line":9,"column":27}},"type":"default-arg","locations":[{"start":{"line":9,"column":23},"end":{"line":9,"column":27}}],"line":9},"2":{"loc":{"start":{"line":10,"column":8},"end":{"line":10,"column":25}},"type":"default-arg","locations":[{"start":{"line":10,"column":21},"end":{"line":10,"column":25}}],"line":10},"3":{"loc":{"start":{"line":11,"column":8},"end":{"line":11,"column":25}},"type":"default-arg","locations":[{"start":{"line":11,"column":21},"end":{"line":11,"column":25}}],"line":11},"4":{"loc":{"start":{"line":15,"column":12},"end":{"line":18,"column":13}},"type":"if","locations":[{"start":{"line":15,"column":12},"end":{"line":18,"column":13}},{"start":{},"end":{}}],"line":15},"5":{"loc":{"start":{"line":17,"column":16},"end":{"line":17,"column":36}},"type":"if","locations":[{"start":{"line":17,"column":16},"end":{"line":17,"column":36}},{"start":{},"end":{}}],"line":17},"6":{"loc":{"start":{"line":27,"column":12},"end":{"line":30,"column":13}},"type":"if","locations":[{"start":{"line":27,"column":12},"end":{"line":30,"column":13}},{"start":{},"end":{}}],"line":27},"7":{"loc":{"start":{"line":29,"column":16},"end":{"line":29,"column":36}},"type":"if","locations":[{"start":{"line":29,"column":16},"end":{"line":29,"column":36}},{"start":{},"end":{}}],"line":29},"8":{"loc":{"start":{"line":43,"column":22},"end":{"line":43,"column":34}},"type":"default-arg","locations":[{"start":{"line":43,"column":32},"end":{"line":43,"column":34}}],"line":43},"9":{"loc":{"start":{"line":48,"column":12},"end":{"line":48,"column":21}},"type":"default-arg","locations":[{"start":{"line":48,"column":17},"end":{"line":48,"column":21}}],"line":48},"10":{"loc":{"start":{"line":50,"column":12},"end":{"line":50,"column":24}},"type":"default-arg","locations":[{"start":{"line":50,"column":20},"end":{"line":50,"column":24}}],"line":50},"11":{"loc":{"start":{"line":51,"column":12},"end":{"line":51,"column":28}},"type":"default-arg","locations":[{"start":{"line":51,"column":26},"end":{"line":51,"column":28}}],"line":51},"12":{"loc":{"start":{"line":52,"column":12},"end":{"line":52,"column":28}},"type":"default-arg","locations":[{"start":{"line":52,"column":23},"end":{"line":52,"column":28}}],"line":52},"13":{"loc":{"start":{"line":53,"column":12},"end":{"line":53,"column":28}},"type":"default-arg","locations":[{"start":{"line":53,"column":23},"end":{"line":53,"column":28}}],"line":53},"14":{"loc":{"start":{"line":54,"column":12},"end":{"line":54,"column":21}},"type":"default-arg","locations":[{"start":{"line":54,"column":19},"end":{"line":54,"column":21}}],"line":54},"15":{"loc":{"start":{"line":55,"column":12},"end":{"line":55,"column":27}},"type":"default-arg","locations":[{"start":{"line":55,"column":23},"end":{"line":55,"column":27}}],"line":55},"16":{"loc":{"start":{"line":56,"column":12},"end":{"line":56,"column":26}},"type":"default-arg","locations":[{"start":{"line":56,"column":22},"end":{"line":56,"column":26}}],"line":56},"17":{"loc":{"start":{"line":60,"column":8},"end":{"line":60,"column":44}},"type":"if","locations":[{"start":{"line":60,"column":8},"end":{"line":60,"column":44}},{"start":{},"end":{}}],"line":60},"18":{"loc":{"start":{"line":61,"column":8},"end":{"line":61,"column":71}},"type":"if","locations":[{"start":{"line":61,"column":8},"end":{"line":61,"column":71}},{"start":{},"end":{}}],"line":61},"19":{"loc":{"start":{"line":62,"column":8},"end":{"line":62,"column":121}},"type":"if","locations":[{"start":{"line":62,"column":8},"end":{"line":62,"column":121}},{"start":{},"end":{}}],"line":62},"20":{"loc":{"start":{"line":63,"column":8},"end":{"line":63,"column":42}},"type":"if","locations":[{"start":{"line":63,"column":8},"end":{"line":63,"column":42}},{"start":{},"end":{}}],"line":63},"21":{"loc":{"start":{"line":64,"column":8},"end":{"line":64,"column":42}},"type":"if","locations":[{"start":{"line":64,"column":8},"end":{"line":64,"column":42}},{"start":{},"end":{}}],"line":64},"22":{"loc":{"start":{"line":66,"column":8},"end":{"line":204,"column":9}},"type":"switch","locations":[{"start":{"line":67,"column":8},"end":{"line":81,"column":28}},{"start":{"line":82,"column":8},"end":{"line":92,"column":19}},{"start":{"line":93,"column":8},"end":{"line":101,"column":19}},{"start":{"line":102,"column":8},"end":{"line":124,"column":25}},{"start":{"line":125,"column":8},"end":{"line":125,"column":29}},{"start":{"line":127,"column":8},"end":{"line":131,"column":19}},{"start":{"line":132,"column":8},"end":{"line":141,"column":19}},{"start":{"line":142,"column":8},"end":{"line":149,"column":19}},{"start":{"line":150,"column":8},"end":{"line":160,"column":19}},{"start":{"line":161,"column":8},"end":{"line":171,"column":19}},{"start":{"line":172,"column":8},"end":{"line":180,"column":19}},{"start":{"line":181,"column":8},"end":{"line":189,"column":19}},{"start":{"line":190,"column":8},"end":{"line":191,"column":82}},{"start":{"line":192,"column":8},"end":{"line":192,"column":20}},{"start":{"line":194,"column":8},"end":{"line":203,"column":19}}],"line":66},"23":{"loc":{"start":{"line":72,"column":38},"end":{"line":72,"column":60}},"type":"binary-expr","locations":[{"start":{"line":72,"column":38},"end":{"line":72,"column":43}},{"start":{"line":72,"column":47},"end":{"line":72,"column":60}}],"line":72},"24":{"loc":{"start":{"line":76,"column":12},"end":{"line":76,"column":41}},"type":"if","locations":[{"start":{"line":76,"column":12},"end":{"line":76,"column":41}},{"start":{},"end":{}}],"line":76},"25":{"loc":{"start":{"line":88,"column":30},"end":{"line":88,"column":71}},"type":"cond-expr","locations":[{"start":{"line":88,"column":57},"end":{"line":88,"column":66}},{"start":{"line":88,"column":69},"end":{"line":88,"column":71}}],"line":88},"26":{"loc":{"start":{"line":88,"column":31},"end":{"line":88,"column":53}},"type":"binary-expr","locations":[{"start":{"line":88,"column":31},"end":{"line":88,"column":36}},{"start":{"line":88,"column":40},"end":{"line":88,"column":53}}],"line":88},"27":{"loc":{"start":{"line":98,"column":38},"end":{"line":98,"column":60}},"type":"binary-expr","locations":[{"start":{"line":98,"column":38},"end":{"line":98,"column":43}},{"start":{"line":98,"column":47},"end":{"line":98,"column":60}}],"line":98},"28":{"loc":{"start":{"line":108,"column":42},"end":{"line":108,"column":64}},"type":"binary-expr","locations":[{"start":{"line":108,"column":42},"end":{"line":108,"column":47}},{"start":{"line":108,"column":51},"end":{"line":108,"column":64}}],"line":108},"29":{"loc":{"start":{"line":116,"column":12},"end":{"line":123,"column":13}},"type":"if","locations":[{"start":{"line":116,"column":12},"end":{"line":123,"column":13}},{"start":{},"end":{}}],"line":116},"30":{"loc":{"start":{"line":118,"column":20},"end":{"line":118,"column":74}},"type":"if","locations":[{"start":{"line":118,"column":20},"end":{"line":118,"column":74}},{"start":{},"end":{}}],"line":118},"31":{"loc":{"start":{"line":120,"column":20},"end":{"line":121,"column":65}},"type":"if","locations":[{"start":{"line":120,"column":20},"end":{"line":121,"column":65}},{"start":{"line":121,"column":25},"end":{"line":121,"column":65}}],"line":120},"32":{"loc":{"start":{"line":137,"column":38},"end":{"line":137,"column":60}},"type":"binary-expr","locations":[{"start":{"line":137,"column":38},"end":{"line":137,"column":43}},{"start":{"line":137,"column":47},"end":{"line":137,"column":60}}],"line":137},"33":{"loc":{"start":{"line":156,"column":30},"end":{"line":156,"column":71}},"type":"cond-expr","locations":[{"start":{"line":156,"column":57},"end":{"line":156,"column":66}},{"start":{"line":156,"column":69},"end":{"line":156,"column":71}}],"line":156},"34":{"loc":{"start":{"line":156,"column":31},"end":{"line":156,"column":53}},"type":"binary-expr","locations":[{"start":{"line":156,"column":31},"end":{"line":156,"column":36}},{"start":{"line":156,"column":40},"end":{"line":156,"column":53}}],"line":156},"35":{"loc":{"start":{"line":166,"column":38},"end":{"line":166,"column":60}},"type":"binary-expr","locations":[{"start":{"line":166,"column":38},"end":{"line":166,"column":43}},{"start":{"line":166,"column":47},"end":{"line":166,"column":60}}],"line":166},"36":{"loc":{"start":{"line":169,"column":27},"end":{"line":169,"column":40}},"type":"binary-expr","locations":[{"start":{"line":169,"column":27},"end":{"line":169,"column":34}},{"start":{"line":169,"column":38},"end":{"line":169,"column":40}}],"line":169},"37":{"loc":{"start":{"line":176,"column":38},"end":{"line":176,"column":60}},"type":"binary-expr","locations":[{"start":{"line":176,"column":38},"end":{"line":176,"column":43}},{"start":{"line":176,"column":47},"end":{"line":176,"column":60}}],"line":176},"38":{"loc":{"start":{"line":185,"column":38},"end":{"line":185,"column":60}},"type":"binary-expr","locations":[{"start":{"line":185,"column":38},"end":{"line":185,"column":43}},{"start":{"line":185,"column":47},"end":{"line":185,"column":60}}],"line":185},"39":{"loc":{"start":{"line":209,"column":4},"end":{"line":211,"column":5}},"type":"if","locations":[{"start":{"line":209,"column":4},"end":{"line":211,"column":5}},{"start":{},"end":{}}],"line":209},"40":{"loc":{"start":{"line":215,"column":12},"end":{"line":217,"column":13}},"type":"if","locations":[{"start":{"line":215,"column":12},"end":{"line":217,"column":13}},{"start":{},"end":{}}],"line":215}},"s":{"0":0,"1":0,"2":0,"3":0,"4":0,"5":0,"6":0,"7":0,"8":0,"9":0,"10":0,"11":0,"12":0,"13":0,"14":0,"15":0,"16":0,"17":0,"18":0,"19":0,"20":0,"21":0,"22":0,"23":0,"24":0,"25":0,"26":0,"27":0,"28":0,"29":0,"30":0,"31":0,"32":0,"33":0,"34":0,"35":0,"36":0,"37":0,"38":0,"39":0,"40":0,"41":0,"42":0,"43":0,"44":0,"45":0,"46":0,"47":0,"48":0,"49":0,"50":0,"51":0,"52":0,"53":0,"54":0,"55":0,"56":0,"57":0,"58":0,"59":0,"60":0,"61":0,"62":0,"63":0,"64":0,"65":0,"66":0,"67":0},"f":{"0":0,"1":0,"2":0,"3":0,"4":0,"5":0,"6":0,"7":0,"8":0},"b":{"0":[0],"1":[0],"2":[0],"3":[0],"4":[0,0],"5":[0,0],"6":[0,0],"7":[0,0],"8":[0],"9":[0],"10":[0],"11":[0],"12":[0],"13":[0],"14":[0],"15":[0],"16":[0],"17":[0,0],"18":[0,0],"19":[0,0],"20":[0,0],"21":[0,0],"22":[0,0,0,0,0,0,0,0,0,0,0,0,0,0,0],"23":[0,0],"24":[0,0],"25":[0,0],"26":[0,0],"27":[0,0],"28":[0,0],"29":[0,0],"30":[0,0],"31":[0,0],"32":[0,0],"33":[0,0],"34":[0,0],"35":[0,0],"36":[0,0],"37":[0,0],"38":[0,0],"39":[0,0],"40":[0,0]},"_coverageSchema":"1a1c01bbd47fc00a2c39e90264f33305004495a9","hash":"a516dc5f48bdf804390ed4c918e74e1505f919eb"}
,"/home/mickael/Documents/projects/filestash/public/components/icon.js": {"path":"/home/mickael/Documents/projects/filestash/public/components/icon.js","statementMap":{"0":{"start":{"line":3,"column":8},"end":{"line":3,"column":24}},"1":{"start":{"line":7,"column":20},"end":{"line":7,"column":45}},"2":{"start":{"line":8,"column":20},"end":{"line":8,"column":40}},"3":{"start":{"line":9,"column":8},"end":{"line":9,"column":51}},"4":{"start":{"line":13,"column":8},"end":{"line":17,"column":37}},"5":{"start":{"line":21,"column":8},"end":{"line":30,"column":9}},"6":{"start":{"line":23,"column":12},"end":{"line":23,"column":344}},"7":{"start":{"line":25,"column":12},"end":{"line":25,"column":424}},"8":{"start":{"line":27,"column":12},"end":{"line":27,"column":528}},"9":{"start":{"line":29,"column":12},"end":{"line":29,"column":1024}},"10":{"start":{"line":31,"column":8},"end":{"line":31,"column":18}},"11":{"start":{"line":35,"column":0},"end":{"line":35,"column":46}}},"fnMap":{"0":{"name":"(anonymous_0)","decl":{"start":{"line":2,"column":4},"end":{"line":2,"column":5}},"loc":{"start":{"line":2,"column":36},"end":{"line":4,"column":5}},"line":2},"1":{"name":"(anonymous_1)","decl":{"start":{"line":6,"column":4},"end":{"line":6,"column":5}},"loc":{"start":{"line":6,"column":31},"end":{"line":10,"column":5}},"line":6},"2":{"name":"(anonymous_2)","decl":{"start":{"line":12,"column":4},"end":{"line":12,"column":5}},"loc":{"start":{"line":12,"column":25},"end":{"line":18,"column":5}},"line":12},"3":{"name":"(anonymous_3)","decl":{"start":{"line":20,"column":4},"end":{"line":20,"column":5}},"loc":{"start":{"line":20,"column":21},"end":{"line":32,"column":5}},"line":20}},"branchMap":{"0":{"loc":{"start":{"line":21,"column":8},"end":{"line":30,"column":9}},"type":"switch","locations":[{"start":{"line":22,"column":8},"end":{"line":23,"column":344}},{"start":{"line":24,"column":8},"end":{"line":25,"column":424}},{"start":{"line":26,"column":8},"end":{"line":27,"column":528}},{"start":{"line":28,"column":8},"end":{"line":29,"column":1024}}],"line":21}},"s":{"0":0,"1":0,"2":0,"3":0,"4":0,"5":0,"6":0,"7":0,"8":0,"9":0,"10":0,"11":9},"f":{"0":0,"1":0,"2":0,"3":0},"b":{"0":[0,0,0,0]},"_coverageSchema":"1a1c01bbd47fc00a2c39e90264f33305004495a9","hash":"582e724dbf93f4814f67b717134a959e2a418dd6"}
,"/home/mickael/Documents/projects/filestash/public/components/loader.js": {"path":"/home/mickael/Documents/projects/filestash/public/components/loader.js","statementMap":{"0":{"start":{"line":6,"column":8},"end":{"line":6,"column":16}},"1":{"start":{"line":7,"column":8},"end":{"line":11,"column":54}},"2":{"start":{"line":8,"column":12},"end":{"line":10,"column":15}},"3":{"start":{"line":15,"column":8},"end":{"line":15,"column":42}},"4":{"start":{"line":19,"column":25},"end":{"line":23,"column":32}},"5":{"start":{"line":24,"column":8},"end":{"line":41,"column":8}},"6":{"start":{"line":45,"column":0},"end":{"line":45,"column":50}},"7":{"start":{"line":49,"column":4},"end":{"line":50,"column":82}},"8":{"start":{"line":49,"column":23},"end":{"line":49,"column":120}},"9":{"start":{"line":49,"column":45},"end":{"line":49,"column":118}},"10":{"start":{"line":50,"column":9},"end":{"line":50,"column":82}},"11":{"start":{"line":50,"column":31},"end":{"line":50,"column":80}}},"fnMap":{"0":{"name":"(anonymous_0)","decl":{"start":{"line":5,"column":4},"end":{"line":5,"column":5}},"loc":{"start":{"line":5,"column":18},"end":{"line":12,"column":5}},"line":5},"1":{"name":"(anonymous_1)","decl":{"start":{"line":7,"column":41},"end":{"line":7,"column":42}},"loc":{"start":{"line":7,"column":47},"end":{"line":11,"column":9}},"line":7},"2":{"name":"(anonymous_2)","decl":{"start":{"line":14,"column":4},"end":{"line":14,"column":5}},"loc":{"start":{"line":14,"column":27},"end":{"line":16,"column":5}},"line":14},"3":{"name":"(anonymous_3)","decl":{"start":{"line":18,"column":4},"end":{"line":18,"column":5}},"loc":{"start":{"line":18,"column":23},"end":{"line":42,"column":5}},"line":18},"4":{"name":"toggle","decl":{"start":{"line":48,"column":16},"end":{"line":48,"column":22}},"loc":{"start":{"line":48,"column":44},"end":{"line":51,"column":1}},"line":48},"5":{"name":"(anonymous_5)","decl":{"start":{"line":49,"column":39},"end":{"line":49,"column":40}},"loc":{"start":{"line":49,"column":45},"end":{"line":49,"column":118}},"line":49},"6":{"name":"(anonymous_6)","decl":{"start":{"line":50,"column":25},"end":{"line":50,"column":26}},"loc":{"start":{"line":50,"column":31},"end":{"line":50,"column":80}},"line":50}},"branchMap":{"0":{"loc":{"start":{"line":11,"column":11},"end":{"line":11,"column":52}},"type":"binary-expr","locations":[{"start":{"line":11,"column":11},"end":{"line":11,"column":47}},{"start":{"line":11,"column":51},"end":{"line":11,"column":52}}],"line":11},"1":{"loc":{"start":{"line":38,"column":10},"end":{"line":38,"column":32}},"type":"cond-expr","locations":[{"start":{"line":38,"column":19},"end":{"line":38,"column":21}},{"start":{"line":38,"column":24},"end":{"line":38,"column":32}}],"line":38},"2":{"loc":{"start":{"line":48,"column":30},"end":{"line":48,"column":42}},"type":"default-arg","locations":[{"start":{"line":48,"column":37},"end":{"line":48,"column":42}}],"line":48},"3":{"loc":{"start":{"line":49,"column":4},"end":{"line":50,"column":82}},"type":"if","locations":[{"start":{"line":49,"column":4},"end":{"line":50,"column":82}},{"start":{"line":50,"column":9},"end":{"line":50,"column":82}}],"line":49}},"s":{"0":0,"1":0,"2":0,"3":0,"4":0,"5":0,"6":2,"7":0,"8":0,"9":0,"10":0,"11":0},"f":{"0":0,"1":0,"2":0,"3":0,"4":0,"5":0,"6":0},"b":{"0":[0,0],"1":[0,0],"2":[0],"3":[0,0]},"_coverageSchema":"1a1c01bbd47fc00a2c39e90264f33305004495a9","hash":"f0b4ce3252f0c6f666fcec32582ad5e900d5b014"}
,"/home/mickael/Documents/projects/filestash/public/components/modal.js": {"path":"/home/mickael/Documents/projects/filestash/public/components/modal.js","statementMap":{"0":{"start":{"line":10,"column":8},"end":{"line":10,"column":36}},"1":{"start":{"line":16,"column":20},"end":{"line":30,"column":2}},"2":{"start":{"line":16,"column":32},"end":{"line":30,"column":2}},"3":{"start":{"line":34,"column":23},"end":{"line":34,"column":42}},"4":{"start":{"line":35,"column":27},"end":{"line":35,"column":31}},"5":{"start":{"line":36,"column":8},"end":{"line":36,"column":64}},"6":{"start":{"line":37,"column":8},"end":{"line":37,"column":37}},"7":{"start":{"line":40,"column":8},"end":{"line":63,"column":11}},"8":{"start":{"line":42,"column":35},"end":{"line":42,"column":78}},"9":{"start":{"line":45,"column":35},"end":{"line":45,"column":51}},"10":{"start":{"line":48,"column":27},"end":{"line":48,"column":67}},"11":{"start":{"line":49,"column":27},"end":{"line":55,"column":14}},"12":{"start":{"line":57,"column":27},"end":{"line":60,"column":14}},"13":{"start":{"line":66,"column":8},"end":{"line":83,"column":11}},"14":{"start":{"line":68,"column":27},"end":{"line":74,"column":14}},"15":{"start":{"line":76,"column":27},"end":{"line":82,"column":14}},"16":{"start":{"line":86,"column":8},"end":{"line":101,"column":11}},"17":{"start":{"line":88,"column":32},"end":{"line":88,"column":58}},"18":{"start":{"line":90,"column":27},"end":{"line":90,"column":30}},"19":{"start":{"line":91,"column":29},"end":{"line":91,"column":71}},"20":{"start":{"line":92,"column":16},"end":{"line":92,"column":81}},"21":{"start":{"line":92,"column":56},"end":{"line":92,"column":81}},"22":{"start":{"line":94,"column":16},"end":{"line":94,"column":75}},"23":{"start":{"line":95,"column":16},"end":{"line":95,"column":39}},"24":{"start":{"line":95,"column":30},"end":{"line":95,"column":39}},"25":{"start":{"line":96,"column":16},"end":{"line":96,"column":43}},"26":{"start":{"line":96,"column":32},"end":{"line":96,"column":43}},"27":{"start":{"line":97,"column":16},"end":{"line":97,"column":28}},"28":{"start":{"line":99,"column":31},"end":{"line":99,"column":66}},"29":{"start":{"line":105,"column":0},"end":{"line":105,"column":57}},"30":{"start":{"line":107,"column":19},"end":{"line":107,"column":21}},"31":{"start":{"line":108,"column":15},"end":{"line":108,"column":58}},"32":{"start":{"line":108,"column":24},"end":{"line":108,"column":58}},"33":{"start":{"line":109,"column":13},"end":{"line":114,"column":1}},"34":{"start":{"line":110,"column":4},"end":{"line":112,"column":5}},"35":{"start":{"line":110,"column":17},"end":{"line":110,"column":18}},"36":{"start":{"line":111,"column":8},"end":{"line":111,"column":38}},"37":{"start":{"line":113,"column":4},"end":{"line":113,"column":22}},"38":{"start":{"line":117,"column":17},"end":{"line":117,"column":63}},"39":{"start":{"line":118,"column":4},"end":{"line":118,"column":137}},"40":{"start":{"line":118,"column":43},"end":{"line":118,"column":137}},"41":{"start":{"line":119,"column":4},"end":{"line":119,"column":16}}},"fnMap":{"0":{"name":"(anonymous_0)","decl":{"start":{"line":9,"column":4},"end":{"line":9,"column":5}},"loc":{"start":{"line":9,"column":30},"end":{"line":11,"column":5}},"line":9},"1":{"name":"(anonymous_1)","decl":{"start":{"line":16,"column":20},"end":{"line":16,"column":21}},"loc":{"start":{"line":16,"column":32},"end":{"line":30,"column":2}},"line":16},"2":{"name":"(anonymous_2)","decl":{"start":{"line":33,"column":4},"end":{"line":33,"column":5}},"loc":{"start":{"line":33,"column":36},"end":{"line":102,"column":5}},"line":33},"3":{"name":"(anonymous_3)","decl":{"start":{"line":42,"column":28},"end":{"line":42,"column":29}},"loc":{"start":{"line":42,"column":35},"end":{"line":42,"column":78}},"line":42},"4":{"name":"(anonymous_4)","decl":{"start":{"line":45,"column":28},"end":{"line":45,"column":29}},"loc":{"start":{"line":45,"column":35},"end":{"line":45,"column":51}},"line":45},"5":{"name":"(anonymous_5)","decl":{"start":{"line":48,"column":21},"end":{"line":48,"column":22}},"loc":{"start":{"line":48,"column":27},"end":{"line":48,"column":67}},"line":48},"6":{"name":"(anonymous_6)","decl":{"start":{"line":49,"column":21},"end":{"line":49,"column":22}},"loc":{"start":{"line":49,"column":27},"end":{"line":55,"column":14}},"line":49},"7":{"name":"(anonymous_7)","decl":{"start":{"line":57,"column":21},"end":{"line":57,"column":22}},"loc":{"start":{"line":57,"column":27},"end":{"line":60,"column":14}},"line":57},"8":{"name":"(anonymous_8)","decl":{"start":{"line":68,"column":21},"end":{"line":68,"column":22}},"loc":{"start":{"line":68,"column":27},"end":{"line":74,"column":14}},"line":68},"9":{"name":"(anonymous_9)","decl":{"start":{"line":76,"column":21},"end":{"line":76,"column":22}},"loc":{"start":{"line":76,"column":27},"end":{"line":82,"column":14}},"line":76},"10":{"name":"(anonymous_10)","decl":{"start":{"line":88,"column":26},"end":{"line":88,"column":27}},"loc":{"start":{"line":88,"column":32},"end":{"line":88,"column":58}},"line":88},"11":{"name":"(anonymous_11)","decl":{"start":{"line":89,"column":21},"end":{"line":89,"column":22}},"loc":{"start":{"line":89,"column":27},"end":{"line":98,"column":13}},"line":89},"12":{"name":"(anonymous_12)","decl":{"start":{"line":99,"column":21},"end":{"line":99,"column":22}},"loc":{"start":{"line":99,"column":31},"end":{"line":99,"column":66}},"line":99},"13":{"name":"(anonymous_13)","decl":{"start":{"line":108,"column":15},"end":{"line":108,"column":16}},"loc":{"start":{"line":108,"column":24},"end":{"line":108,"column":58}},"line":108},"14":{"name":"(anonymous_14)","decl":{"start":{"line":109,"column":13},"end":{"line":109,"column":14}},"loc":{"start":{"line":109,"column":19},"end":{"line":114,"column":1}},"line":109},"15":{"name":"find","decl":{"start":{"line":116,"column":9},"end":{"line":116,"column":13}},"loc":{"start":{"line":116,"column":16},"end":{"line":120,"column":1}},"line":116}},"branchMap":{"0":{"loc":{"start":{"line":33,"column":25},"end":{"line":33,"column":34}},"type":"default-arg","locations":[{"start":{"line":33,"column":32},"end":{"line":33,"column":34}}],"line":33},"1":{"loc":{"start":{"line":48,"column":27},"end":{"line":48,"column":67}},"type":"binary-expr","locations":[{"start":{"line":48,"column":27},"end":{"line":48,"column":55}},{"start":{"line":48,"column":59},"end":{"line":48,"column":67}}],"line":48},"2":{"loc":{"start":{"line":92,"column":16},"end":{"line":92,"column":81}},"type":"if","locations":[{"start":{"line":92,"column":16},"end":{"line":92,"column":81}},{"start":{},"end":{}}],"line":92},"3":{"loc":{"start":{"line":95,"column":16},"end":{"line":95,"column":39}},"type":"if","locations":[{"start":{"line":95,"column":16},"end":{"line":95,"column":39}},{"start":{},"end":{}}],"line":95},"4":{"loc":{"start":{"line":96,"column":16},"end":{"line":96,"column":43}},"type":"if","locations":[{"start":{"line":96,"column":16},"end":{"line":96,"column":43}},{"start":{},"end":{}}],"line":96},"5":{"loc":{"start":{"line":118,"column":4},"end":{"line":118,"column":137}},"type":"if","locations":[{"start":{"line":118,"column":4},"end":{"line":118,"column":137}},{"start":{},"end":{}}],"line":118}},"s":{"0":2,"1":1,"2":1,"3":1,"4":1,"5":1,"6":1,"7":1,"8":0,"9":0,"10":0,"11":0,"12":0,"13":1,"14":1,"15":0,"16":1,"17":1,"18":1,"19":1,"20":1,"21":1,"22":1,"23":1,"24":0,"25":1,"26":0,"27":1,"28":1,"29":1,"30":1,"31":1,"32":3,"33":1,"34":0,"35":0,"36":0,"37":0,"38":2,"39":2,"40":1,"41":1},"f":{"0":2,"1":1,"2":1,"3":0,"4":0,"5":0,"6":0,"7":0,"8":1,"9":0,"10":1,"11":1,"12":1,"13":3,"14":0,"15":2},"b":{"0":[0],"1":[0,0],"2":[1,0],"3":[0,1],"4":[0,1],"5":[1,1]},"_coverageSchema":"1a1c01bbd47fc00a2c39e90264f33305004495a9","hash":"38cdc16225dcb1d6eef0447327195c365f5fe68d"}
,"/home/mickael/Documents/projects/filestash/public/components/notification.js": {"path":"/home/mickael/Documents/projects/filestash/public/components/notification.js","statementMap":{"0":{"start":{"line":6,"column":27},"end":{"line":18,"column":2}},"1":{"start":{"line":6,"column":48},"end":{"line":18,"column":2}},"2":{"start":{"line":21,"column":13},"end":{"line":21,"column":15}},"3":{"start":{"line":24,"column":8},"end":{"line":24,"column":16}},"4":{"start":{"line":28,"column":8},"end":{"line":28,"column":55}},"5":{"start":{"line":28,"column":37},"end":{"line":28,"column":55}},"6":{"start":{"line":29,"column":8},"end":{"line":29,"column":44}},"7":{"start":{"line":30,"column":8},"end":{"line":34,"column":9}},"8":{"start":{"line":31,"column":27},"end":{"line":31,"column":55}},"9":{"start":{"line":32,"column":12},"end":{"line":32,"column":81}},"10":{"start":{"line":32,"column":64},"end":{"line":32,"column":81}},"11":{"start":{"line":33,"column":12},"end":{"line":33,"column":19}},"12":{"start":{"line":35,"column":8},"end":{"line":35,"column":25}},"13":{"start":{"line":39,"column":8},"end":{"line":39,"column":45}},"14":{"start":{"line":39,"column":38},"end":{"line":39,"column":45}},"15":{"start":{"line":40,"column":34},"end":{"line":40,"column":48}},"16":{"start":{"line":41,"column":30},"end":{"line":41,"column":69}},"17":{"start":{"line":42,"column":8},"end":{"line":42,"column":44}},"18":{"start":{"line":43,"column":8},"end":{"line":46,"column":11}},"19":{"start":{"line":47,"column":20},"end":{"line":47,"column":22}},"20":{"start":{"line":48,"column":8},"end":{"line":51,"column":11}},"21":{"start":{"line":49,"column":34},"end":{"line":49,"column":106}},"22":{"start":{"line":50,"column":34},"end":{"line":50,"column":127}},"23":{"start":{"line":50,"column":67},"end":{"line":50,"column":119}},"24":{"start":{"line":52,"column":8},"end":{"line":52,"column":53}},"25":{"start":{"line":52,"column":28},"end":{"line":52,"column":51}},"26":{"start":{"line":53,"column":8},"end":{"line":56,"column":11}},"27":{"start":{"line":57,"column":8},"end":{"line":57,"column":31}},"28":{"start":{"line":58,"column":8},"end":{"line":58,"column":28}},"29":{"start":{"line":59,"column":8},"end":{"line":59,"column":25}},"30":{"start":{"line":63,"column":0},"end":{"line":63,"column":71}},"31":{"start":{"line":66,"column":17},"end":{"line":66,"column":70}},"32":{"start":{"line":67,"column":4},"end":{"line":67,"column":151}},"33":{"start":{"line":67,"column":50},"end":{"line":67,"column":151}},"34":{"start":{"line":68,"column":4},"end":{"line":68,"column":16}},"35":{"start":{"line":73,"column":8},"end":{"line":73,"column":36}},"36":{"start":{"line":77,"column":8},"end":{"line":77,"column":39}},"37":{"start":{"line":81,"column":8},"end":{"line":81,"column":37}}},"fnMap":{"0":{"name":"(anonymous_0)","decl":{"start":{"line":6,"column":27},"end":{"line":6,"column":28}},"loc":{"start":{"line":6,"column":48},"end":{"line":18,"column":2}},"line":6},"1":{"name":"(anonymous_1)","decl":{"start":{"line":23,"column":4},"end":{"line":23,"column":5}},"loc":{"start":{"line":23,"column":18},"end":{"line":25,"column":5}},"line":23},"2":{"name":"(anonymous_2)","decl":{"start":{"line":27,"column":4},"end":{"line":27,"column":5}},"loc":{"start":{"line":27,"column":33},"end":{"line":36,"column":5}},"line":27},"3":{"name":"(anonymous_3)","decl":{"start":{"line":38,"column":4},"end":{"line":38,"column":5}},"loc":{"start":{"line":38,"column":16},"end":{"line":60,"column":5}},"line":38},"4":{"name":"(anonymous_4)","decl":{"start":{"line":49,"column":24},"end":{"line":49,"column":25}},"loc":{"start":{"line":49,"column":34},"end":{"line":49,"column":106}},"line":49},"5":{"name":"(anonymous_5)","decl":{"start":{"line":50,"column":24},"end":{"line":50,"column":25}},"loc":{"start":{"line":50,"column":34},"end":{"line":50,"column":127}},"line":50},"6":{"name":"(anonymous_6)","decl":{"start":{"line":50,"column":61},"end":{"line":50,"column":62}},"loc":{"start":{"line":50,"column":67},"end":{"line":50,"column":119}},"line":50},"7":{"name":"(anonymous_7)","decl":{"start":{"line":52,"column":20},"end":{"line":52,"column":21}},"loc":{"start":{"line":52,"column":28},"end":{"line":52,"column":51}},"line":52},"8":{"name":"find","decl":{"start":{"line":65,"column":9},"end":{"line":65,"column":13}},"loc":{"start":{"line":65,"column":16},"end":{"line":69,"column":1}},"line":65},"9":{"name":"(anonymous_9)","decl":{"start":{"line":72,"column":4},"end":{"line":72,"column":5}},"loc":{"start":{"line":72,"column":21},"end":{"line":74,"column":5}},"line":72},"10":{"name":"(anonymous_10)","decl":{"start":{"line":76,"column":4},"end":{"line":76,"column":5}},"loc":{"start":{"line":76,"column":24},"end":{"line":78,"column":5}},"line":76},"11":{"name":"(anonymous_11)","decl":{"start":{"line":80,"column":4},"end":{"line":80,"column":5}},"loc":{"start":{"line":80,"column":22},"end":{"line":82,"column":5}},"line":80}},"branchMap":{"0":{"loc":{"start":{"line":28,"column":8},"end":{"line":28,"column":55}},"type":"if","locations":[{"start":{"line":28,"column":8},"end":{"line":28,"column":55}},{"start":{},"end":{}}],"line":28},"1":{"loc":{"start":{"line":30,"column":8},"end":{"line":34,"column":9}},"type":"if","locations":[{"start":{"line":30,"column":8},"end":{"line":34,"column":9}},{"start":{},"end":{}}],"line":30},"2":{"loc":{"start":{"line":32,"column":12},"end":{"line":32,"column":81}},"type":"if","locations":[{"start":{"line":32,"column":12},"end":{"line":32,"column":81}},{"start":{},"end":{}}],"line":32},"3":{"loc":{"start":{"line":32,"column":16},"end":{"line":32,"column":62}},"type":"binary-expr","locations":[{"start":{"line":32,"column":16},"end":{"line":32,"column":22}},{"start":{"line":32,"column":26},"end":{"line":32,"column":62}}],"line":32},"4":{"loc":{"start":{"line":39,"column":8},"end":{"line":39,"column":45}},"type":"if","locations":[{"start":{"line":39,"column":8},"end":{"line":39,"column":45}},{"start":{},"end":{}}],"line":39},"5":{"loc":{"start":{"line":49,"column":67},"end":{"line":49,"column":104}},"type":"cond-expr","locations":[{"start":{"line":49,"column":94},"end":{"line":49,"column":98}},{"start":{"line":49,"column":101},"end":{"line":49,"column":104}}],"line":49},"6":{"loc":{"start":{"line":67,"column":4},"end":{"line":67,"column":151}},"type":"if","locations":[{"start":{"line":67,"column":4},"end":{"line":67,"column":151}},{"start":{},"end":{}}],"line":67}},"s":{"0":2,"1":3,"2":1,"3":1,"4":3,"5":0,"6":3,"7":3,"8":2,"9":2,"10":0,"11":2,"12":1,"13":4,"14":1,"15":3,"16":3,"17":3,"18":3,"19":3,"20":3,"21":3,"22":3,"23":3,"24":3,"25":6,"26":3,"27":3,"28":3,"29":3,"30":2,"31":4,"32":4,"33":1,"34":3,"35":2,"36":1,"37":1},"f":{"0":3,"1":1,"2":3,"3":4,"4":3,"5":3,"6":3,"7":6,"8":4,"9":2,"10":1,"11":1},"b":{"0":[0,3],"1":[2,1],"2":[0,2],"3":[2,1],"4":[1,3],"5":[1,2],"6":[1,3]},"_coverageSchema":"1a1c01bbd47fc00a2c39e90264f33305004495a9","hash":"86eb7cbe819c2e34a3b4a61274d410e8770e05a0"}
,"/home/mickael/Documents/projects/filestash/public/components/skeleton.js": {"path":"/home/mickael/Documents/projects/filestash/public/components/skeleton.js","statementMap":{"0":{"start":{"line":2,"column":15},"end":{"line":2,"column":55}},"1":{"start":{"line":3,"column":15},"end":{"line":3,"column":17}},"2":{"start":{"line":4,"column":4},"end":{"line":6,"column":5}},"3":{"start":{"line":4,"column":15},"end":{"line":4,"column":16}},"4":{"start":{"line":5,"column":8},"end":{"line":5,"column":21}},"5":{"start":{"line":7,"column":4},"end":{"line":7,"column":16}}},"fnMap":{"0":{"name":"generateSkeleton","decl":{"start":{"line":1,"column":16},"end":{"line":1,"column":32}},"loc":{"start":{"line":1,"column":36},"end":{"line":8,"column":1}},"line":1}},"branchMap":{},"s":{"0":0,"1":0,"2":0,"3":0,"4":0,"5":0},"f":{"0":0},"b":{},"_coverageSchema":"1a1c01bbd47fc00a2c39e90264f33305004495a9","hash":"e4f2d409ddda5de1a5fdf7e0c19a60951d0e14a8"}
,"/home/mickael/Documents/projects/filestash/public/helpers/loader.js": {"path":"/home/mickael/Documents/projects/filestash/public/helpers/loader.js","statementMap":{"0":{"start":{"line":3,"column":14},"end":{"line":3,"column":18}},"1":{"start":{"line":6,"column":20},"end":{"line":6,"column":52}},"2":{"start":{"line":7,"column":4},"end":{"line":7,"column":37}},"3":{"start":{"line":8,"column":4},"end":{"line":8,"column":39}},"4":{"start":{"line":9,"column":4},"end":{"line":12,"column":7}},"5":{"start":{"line":10,"column":8},"end":{"line":10,"column":30}},"6":{"start":{"line":11,"column":8},"end":{"line":11,"column":31}},"7":{"start":{"line":16,"column":19},"end":{"line":16,"column":106}},"8":{"start":{"line":16,"column":72},"end":{"line":16,"column":104}},"9":{"start":{"line":17,"column":4},"end":{"line":17,"column":31}},"10":{"start":{"line":21,"column":16},"end":{"line":23,"column":6}},"11":{"start":{"line":24,"column":4},"end":{"line":25,"column":144}},"12":{"start":{"line":24,"column":28},"end":{"line":24,"column":64}},"13":{"start":{"line":25,"column":9},"end":{"line":25,"column":144}},"14":{"start":{"line":25,"column":70},"end":{"line":25,"column":144}},"15":{"start":{"line":26,"column":4},"end":{"line":26,"column":28}},"16":{"start":{"line":30,"column":17},"end":{"line":30,"column":47}},"17":{"start":{"line":31,"column":4},"end":{"line":31,"column":27}}},"fnMap":{"0":{"name":"loadScript","decl":{"start":{"line":5,"column":22},"end":{"line":5,"column":32}},"loc":{"start":{"line":5,"column":38},"end":{"line":13,"column":1}},"line":5},"1":{"name":"(anonymous_1)","decl":{"start":{"line":9,"column":23},"end":{"line":9,"column":24}},"loc":{"start":{"line":9,"column":33},"end":{"line":12,"column":5}},"line":9},"2":{"name":"CSS","decl":{"start":{"line":15,"column":22},"end":{"line":15,"column":25}},"loc":{"start":{"line":15,"column":56},"end":{"line":18,"column":1}},"line":15},"3":{"name":"(anonymous_3)","decl":{"start":{"line":16,"column":58},"end":{"line":16,"column":59}},"loc":{"start":{"line":16,"column":72},"end":{"line":16,"column":104}},"line":16},"4":{"name":"loadSingleCSS","decl":{"start":{"line":20,"column":15},"end":{"line":20,"column":28}},"loc":{"start":{"line":20,"column":48},"end":{"line":27,"column":1}},"line":20},"5":{"name":"init","decl":{"start":{"line":29,"column":22},"end":{"line":29,"column":26}},"loc":{"start":{"line":29,"column":29},"end":{"line":32,"column":1}},"line":29}},"branchMap":{"0":{"loc":{"start":{"line":24,"column":4},"end":{"line":25,"column":144}},"type":"if","locations":[{"start":{"line":24,"column":4},"end":{"line":25,"column":144}},{"start":{"line":25,"column":9},"end":{"line":25,"column":144}}],"line":24},"1":{"loc":{"start":{"line":25,"column":9},"end":{"line":25,"column":144}},"type":"if","locations":[{"start":{"line":25,"column":9},"end":{"line":25,"column":144}},{"start":{},"end":{}}],"line":25}},"s":{"0":13,"1":0,"2":0,"3":0,"4":0,"5":0,"6":0,"7":0,"8":0,"9":0,"10":0,"11":0,"12":0,"13":0,"14":0,"15":0,"16":4,"17":0},"f":{"0":0,"1":0,"2":0,"3":0,"4":0,"5":4},"b":{"0":[0,0],"1":[0,0]},"_coverageSchema":"1a1c01bbd47fc00a2c39e90264f33305004495a9","hash":"6f84c060ddf79113d508f2c47c74dc6ddd157eeb"}
,"/home/mickael/Documents/projects/filestash/public/helpers/log.js": {"path":"/home/mickael/Documents/projects/filestash/public/helpers/log.js","statementMap":{"0":{"start":{"line":2,"column":4},"end":{"line":2,"column":68}},"1":{"start":{"line":2,"column":43},"end":{"line":2,"column":68}},"2":{"start":{"line":3,"column":14},"end":{"line":3,"column":24}},"3":{"start":{"line":4,"column":4},"end":{"line":4,"column":60}},"4":{"start":{"line":5,"column":4},"end":{"line":5,"column":50}},"5":{"start":{"line":6,"column":4},"end":{"line":6,"column":52}},"6":{"start":{"line":7,"column":4},"end":{"line":7,"column":41}},"7":{"start":{"line":8,"column":4},"end":{"line":8,"column":39}},"8":{"start":{"line":9,"column":4},"end":{"line":9,"column":73}},"9":{"start":{"line":9,"column":15},"end":{"line":9,"column":73}},"10":{"start":{"line":11,"column":4},"end":{"line":11,"column":58}}},"fnMap":{"0":{"name":"report","decl":{"start":{"line":1,"column":16},"end":{"line":1,"column":22}},"loc":{"start":{"line":1,"column":59},"end":{"line":12,"column":1}},"line":1},"1":{"name":"(anonymous_1)","decl":{"start":{"line":11,"column":48},"end":{"line":11,"column":49}},"loc":{"start":{"line":11,"column":54},"end":{"line":11,"column":56}},"line":11}},"branchMap":{"0":{"loc":{"start":{"line":2,"column":4},"end":{"line":2,"column":68}},"type":"if","locations":[{"start":{"line":2,"column":4},"end":{"line":2,"column":68}},{"start":{},"end":{}}],"line":2},"1":{"loc":{"start":{"line":9,"column":4},"end":{"line":9,"column":73}},"type":"if","locations":[{"start":{"line":9,"column":4},"end":{"line":9,"column":73}},{"start":{},"end":{}}],"line":9}},"s":{"0":5,"1":0,"2":5,"3":5,"4":5,"5":5,"6":5,"7":5,"8":5,"9":4,"10":5},"f":{"0":5,"1":5},"b":{"0":[0,5],"1":[4,1]},"_coverageSchema":"1a1c01bbd47fc00a2c39e90264f33305004495a9","hash":"44825edf84ac0a07df9d471f8377dff101984a54"}
,"/home/mickael/Documents/projects/filestash/public/lib/ajax.js": {"path":"/home/mickael/Documents/projects/filestash/public/lib/ajax.js","statementMap":{"0":{"start":{"line":5,"column":4},"end":{"line":6,"column":75}},"1":{"start":{"line":5,"column":34},"end":{"line":5,"column":55}},"2":{"start":{"line":6,"column":9},"end":{"line":6,"column":75}},"3":{"start":{"line":6,"column":39},"end":{"line":6,"column":75}},"4":{"start":{"line":7,"column":4},"end":{"line":7,"column":41}},"5":{"start":{"line":7,"column":23},"end":{"line":7,"column":41}},"6":{"start":{"line":8,"column":4},"end":{"line":8,"column":56}},"7":{"start":{"line":9,"column":4},"end":{"line":22,"column":6}},"8":{"start":{"line":10,"column":33},"end":{"line":10,"column":76}},"9":{"start":{"line":12,"column":27},"end":{"line":12,"column":47}},"10":{"start":{"line":13,"column":12},"end":{"line":19,"column":13}},"11":{"start":{"line":14,"column":29},"end":{"line":14,"column":47}},"12":{"start":{"line":15,"column":16},"end":{"line":17,"column":17}},"13":{"start":{"line":16,"column":20},"end":{"line":16,"column":77}},"14":{"start":{"line":18,"column":16},"end":{"line":18,"column":40}},"15":{"start":{"line":20,"column":12},"end":{"line":20,"column":23}},"16":{"start":{"line":26,"column":21},"end":{"line":41,"column":24}},"17":{"start":{"line":27,"column":22},"end":{"line":27,"column":29}},"18":{"start":{"line":28,"column":8},"end":{"line":39,"column":9}},"19":{"start":{"line":29,"column":12},"end":{"line":29,"column":42}},"20":{"start":{"line":31,"column":12},"end":{"line":38,"column":14}},"21":{"start":{"line":40,"column":8},"end":{"line":40,"column":56}},"22":{"start":{"line":43,"column":20},"end":{"line":43,"column":44}},"23":{"start":{"line":45,"column":4},"end":{"line":47,"column":5}},"24":{"start":{"line":46,"column":8},"end":{"line":46,"column":68}},"25":{"start":{"line":48,"column":4},"end":{"line":97,"column":5}},"26":{"start":{"line":50,"column":8},"end":{"line":53,"column":10}},"27":{"start":{"line":55,"column":8},"end":{"line":58,"column":10}},"28":{"start":{"line":60,"column":8},"end":{"line":63,"column":10}},"29":{"start":{"line":65,"column":8},"end":{"line":68,"column":10}},"30":{"start":{"line":70,"column":8},"end":{"line":73,"column":10}},"31":{"start":{"line":75,"column":8},"end":{"line":80,"column":9}},"32":{"start":{"line":76,"column":12},"end":{"line":79,"column":14}},"33":{"start":{"line":81,"column":8},"end":{"line":84,"column":10}},"34":{"start":{"line":86,"column":8},"end":{"line":94,"column":9}},"35":{"start":{"line":88,"column":12},"end":{"line":91,"column":14}},"36":{"start":{"line":93,"column":12},"end":{"line":93,"column":81}},"37":{"start":{"line":96,"column":8},"end":{"line":96,"column":74}}},"fnMap":{"0":{"name":"(anonymous_0)","decl":{"start":{"line":4,"column":15},"end":{"line":4,"column":16}},"loc":{"start":{"line":4,"column":30},"end":{"line":23,"column":1}},"line":4},"1":{"name":"(anonymous_1)","decl":{"start":{"line":10,"column":24},"end":{"line":10,"column":25}},"loc":{"start":{"line":10,"column":33},"end":{"line":10,"column":76}},"line":10},"2":{"name":"(anonymous_2)","decl":{"start":{"line":11,"column":17},"end":{"line":11,"column":18}},"loc":{"start":{"line":11,"column":26},"end":{"line":21,"column":9}},"line":11},"3":{"name":"processError","decl":{"start":{"line":25,"column":9},"end":{"line":25,"column":21}},"loc":{"start":{"line":25,"column":32},"end":{"line":98,"column":1}},"line":25},"4":{"name":"(anonymous_4)","decl":{"start":{"line":26,"column":22},"end":{"line":26,"column":23}},"loc":{"start":{"line":26,"column":40},"end":{"line":41,"column":5}},"line":26}},"branchMap":{"0":{"loc":{"start":{"line":5,"column":4},"end":{"line":6,"column":75}},"type":"if","locations":[{"start":{"line":5,"column":4},"end":{"line":6,"column":75}},{"start":{"line":6,"column":9},"end":{"line":6,"column":75}}],"line":5},"1":{"loc":{"start":{"line":6,"column":9},"end":{"line":6,"column":75}},"type":"if","locations":[{"start":{"line":6,"column":9},"end":{"line":6,"column":75}},{"start":{},"end":{}}],"line":6},"2":{"loc":{"start":{"line":7,"column":4},"end":{"line":7,"column":41}},"type":"if","locations":[{"start":{"line":7,"column":4},"end":{"line":7,"column":41}},{"start":{},"end":{}}],"line":7},"3":{"loc":{"start":{"line":13,"column":12},"end":{"line":19,"column":13}},"type":"if","locations":[{"start":{"line":13,"column":12},"end":{"line":19,"column":13}},{"start":{},"end":{}}],"line":13},"4":{"loc":{"start":{"line":15,"column":16},"end":{"line":17,"column":17}},"type":"if","locations":[{"start":{"line":15,"column":16},"end":{"line":17,"column":17}},{"start":{},"end":{}}],"line":15},"5":{"loc":{"start":{"line":40,"column":15},"end":{"line":40,"column":55}},"type":"binary-expr","locations":[{"start":{"line":40,"column":15},"end":{"line":40,"column":22}},{"start":{"line":40,"column":26},"end":{"line":40,"column":55}}],"line":40},"6":{"loc":{"start":{"line":43,"column":20},"end":{"line":43,"column":44}},"type":"binary-expr","locations":[{"start":{"line":43,"column":20},"end":{"line":43,"column":36}},{"start":{"line":43,"column":40},"end":{"line":43,"column":44}}],"line":43},"7":{"loc":{"start":{"line":45,"column":4},"end":{"line":47,"column":5}},"type":"if","locations":[{"start":{"line":45,"column":4},"end":{"line":47,"column":5}},{"start":{},"end":{}}],"line":45},"8":{"loc":{"start":{"line":48,"column":4},"end":{"line":97,"column":5}},"type":"switch","locations":[{"start":{"line":49,"column":4},"end":{"line":53,"column":10}},{"start":{"line":54,"column":4},"end":{"line":58,"column":10}},{"start":{"line":59,"column":4},"end":{"line":63,"column":10}},{"start":{"line":64,"column":4},"end":{"line":68,"column":10}},{"start":{"line":69,"column":4},"end":{"line":73,"column":10}},{"start":{"line":74,"column":4},"end":{"line":84,"column":10}},{"start":{"line":85,"column":4},"end":{"line":94,"column":9}},{"start":{"line":95,"column":4},"end":{"line":96,"column":74}}],"line":48},"9":{"loc":{"start":{"line":51,"column":12},"end":{"line":51,"column":67}},"type":"binary-expr","locations":[{"start":{"line":51,"column":12},"end":{"line":51,"column":19}},{"start":{"line":51,"column":23},"end":{"line":51,"column":67}}],"line":51},"10":{"loc":{"start":{"line":56,"column":12},"end":{"line":56,"column":45}},"type":"binary-expr","locations":[{"start":{"line":56,"column":12},"end":{"line":56,"column":19}},{"start":{"line":56,"column":23},"end":{"line":56,"column":45}}],"line":56},"11":{"loc":{"start":{"line":61,"column":12},"end":{"line":61,"column":42}},"type":"binary-expr","locations":[{"start":{"line":61,"column":12},"end":{"line":61,"column":19}},{"start":{"line":61,"column":23},"end":{"line":61,"column":42}}],"line":61},"12":{"loc":{"start":{"line":66,"column":12},"end":{"line":66,"column":42}},"type":"binary-expr","locations":[{"start":{"line":66,"column":12},"end":{"line":66,"column":19}},{"start":{"line":66,"column":23},"end":{"line":66,"column":42}}],"line":66},"13":{"loc":{"start":{"line":71,"column":12},"end":{"line":71,"column":56}},"type":"binary-expr","locations":[{"start":{"line":71,"column":12},"end":{"line":71,"column":19}},{"start":{"line":71,"column":23},"end":{"line":71,"column":56}}],"line":71},"14":{"loc":{"start":{"line":75,"column":8},"end":{"line":80,"column":9}},"type":"if","locations":[{"start":{"line":75,"column":8},"end":{"line":80,"column":9}},{"start":{},"end":{}}],"line":75},"15":{"loc":{"start":{"line":82,"column":12},"end":{"line":82,"column":58}},"type":"binary-expr","locations":[{"start":{"line":82,"column":12},"end":{"line":82,"column":19}},{"start":{"line":82,"column":23},"end":{"line":82,"column":58}}],"line":82},"16":{"loc":{"start":{"line":86,"column":8},"end":{"line":94,"column":9}},"type":"switch","locations":[{"start":{"line":87,"column":8},"end":{"line":91,"column":14}},{"start":{"line":92,"column":8},"end":{"line":93,"column":81}}],"line":86},"17":{"loc":{"start":{"line":96,"column":29},"end":{"line":96,"column":67}},"type":"binary-expr","locations":[{"start":{"line":96,"column":29},"end":{"line":96,"column":36}},{"start":{"line":96,"column":40},"end":{"line":96,"column":67}}],"line":96}},"s":{"0":15,"1":0,"2":15,"3":0,"4":15,"5":15,"6":15,"7":15,"8":4,"9":0,"10":0,"11":0,"12":0,"13":0,"14":0,"15":0,"16":4,"17":0,"18":0,"19":0,"20":0,"21":0,"22":0,"23":0,"24":0,"25":0,"26":0,"27":0,"28":0,"29":0,"30":0,"31":0,"32":0,"33":0,"34":0,"35":0,"36":0,"37":0},"f":{"0":15,"1":4,"2":0,"3":4,"4":0},"b":{"0":[0,15],"1":[0,15],"2":[15,0],"3":[0,0],"4":[0,0],"5":[0,0],"6":[0,0],"7":[0,0],"8":[0,0,0,0,0,0,0,0],"9":[0,0],"10":[0,0],"11":[0,0],"12":[0,0],"13":[0,0],"14":[0,0],"15":[0,0],"16":[0,0],"17":[0,0]},"_coverageSchema":"1a1c01bbd47fc00a2c39e90264f33305004495a9","hash":"ff7909dc54deada8e72e4426995bb92799db1d1c"}
,"/home/mickael/Documents/projects/filestash/public/lib/animate.js": {"path":"/home/mickael/Documents/projects/filestash/public/lib/animate.js","statementMap":{"0":{"start":{"line":7,"column":8},"end":{"line":7,"column":12}},"1":{"start":{"line":8,"column":4},"end":{"line":8,"column":58}},"2":{"start":{"line":9,"column":4},"end":{"line":9,"column":86}},"3":{"start":{"line":9,"column":25},"end":{"line":9,"column":84}},"4":{"start":{"line":10,"column":4},"end":{"line":10,"column":17}},"5":{"start":{"line":14,"column":52},"end":{"line":14,"column":56}},"6":{"start":{"line":16,"column":4},"end":{"line":17,"column":75}},"7":{"start":{"line":16,"column":16},"end":{"line":16,"column":41}},"8":{"start":{"line":17,"column":9},"end":{"line":17,"column":75}},"9":{"start":{"line":17,"column":50},"end":{"line":17,"column":75}},"10":{"start":{"line":19,"column":4},"end":{"line":24,"column":7}},"11":{"start":{"line":20,"column":8},"end":{"line":23,"column":27}},"12":{"start":{"line":27,"column":24},"end":{"line":30,"column":2}},"13":{"start":{"line":27,"column":35},"end":{"line":30,"column":1}},"14":{"start":{"line":32,"column":25},"end":{"line":35,"column":2}},"15":{"start":{"line":32,"column":36},"end":{"line":35,"column":1}},"16":{"start":{"line":37,"column":25},"end":{"line":40,"column":2}},"17":{"start":{"line":37,"column":32},"end":{"line":40,"column":1}},"18":{"start":{"line":42,"column":26},"end":{"line":45,"column":2}},"19":{"start":{"line":42,"column":33},"end":{"line":45,"column":1}},"20":{"start":{"line":47,"column":24},"end":{"line":50,"column":2}},"21":{"start":{"line":47,"column":35},"end":{"line":50,"column":1}},"22":{"start":{"line":52,"column":25},"end":{"line":55,"column":2}},"23":{"start":{"line":52,"column":36},"end":{"line":55,"column":1}},"24":{"start":{"line":57,"column":22},"end":{"line":60,"column":2}},"25":{"start":{"line":57,"column":33},"end":{"line":60,"column":1}}},"fnMap":{"0":{"name":"transition","decl":{"start":{"line":3,"column":16},"end":{"line":3,"column":26}},"loc":{"start":{"line":3,"column":45},"end":{"line":11,"column":1}},"line":3},"1":{"name":"(anonymous_1)","decl":{"start":{"line":9,"column":14},"end":{"line":9,"column":15}},"loc":{"start":{"line":9,"column":25},"end":{"line":9,"column":84}},"line":9},"2":{"name":"animate","decl":{"start":{"line":13,"column":16},"end":{"line":13,"column":23}},"loc":{"start":{"line":13,"column":42},"end":{"line":25,"column":1}},"line":13},"3":{"name":"(anonymous_3)","decl":{"start":{"line":19,"column":23},"end":{"line":19,"column":24}},"loc":{"start":{"line":19,"column":33},"end":{"line":24,"column":5}},"line":19},"4":{"name":"(anonymous_4)","decl":{"start":{"line":27,"column":24},"end":{"line":27,"column":25}},"loc":{"start":{"line":27,"column":35},"end":{"line":30,"column":1}},"line":27},"5":{"name":"(anonymous_5)","decl":{"start":{"line":32,"column":25},"end":{"line":32,"column":26}},"loc":{"start":{"line":32,"column":36},"end":{"line":35,"column":1}},"line":32},"6":{"name":"(anonymous_6)","decl":{"start":{"line":37,"column":25},"end":{"line":37,"column":26}},"loc":{"start":{"line":37,"column":32},"end":{"line":40,"column":1}},"line":37},"7":{"name":"(anonymous_7)","decl":{"start":{"line":42,"column":26},"end":{"line":42,"column":27}},"loc":{"start":{"line":42,"column":33},"end":{"line":45,"column":1}},"line":42},"8":{"name":"(anonymous_8)","decl":{"start":{"line":47,"column":24},"end":{"line":47,"column":25}},"loc":{"start":{"line":47,"column":35},"end":{"line":50,"column":1}},"line":47},"9":{"name":"(anonymous_9)","decl":{"start":{"line":52,"column":25},"end":{"line":52,"column":26}},"loc":{"start":{"line":52,"column":36},"end":{"line":55,"column":1}},"line":52},"10":{"name":"(anonymous_10)","decl":{"start":{"line":57,"column":22},"end":{"line":57,"column":23}},"loc":{"start":{"line":57,"column":33},"end":{"line":60,"column":1}},"line":57}},"branchMap":{"0":{"loc":{"start":{"line":3,"column":34},"end":{"line":3,"column":43}},"type":"default-arg","locations":[{"start":{"line":3,"column":41},"end":{"line":3,"column":43}}],"line":3},"1":{"loc":{"start":{"line":5,"column":8},"end":{"line":5,"column":23}},"type":"default-arg","locations":[{"start":{"line":5,"column":20},"end":{"line":5,"column":23}}],"line":5},"2":{"loc":{"start":{"line":5,"column":25},"end":{"line":5,"column":44}},"type":"default-arg","locations":[{"start":{"line":5,"column":33},"end":{"line":5,"column":44}}],"line":5},"3":{"loc":{"start":{"line":6,"column":8},"end":{"line":6,"column":23}},"type":"default-arg","locations":[{"start":{"line":6,"column":20},"end":{"line":6,"column":23}}],"line":6},"4":{"loc":{"start":{"line":6,"column":25},"end":{"line":6,"column":45}},"type":"default-arg","locations":[{"start":{"line":6,"column":33},"end":{"line":6,"column":45}}],"line":6},"5":{"loc":{"start":{"line":13,"column":31},"end":{"line":13,"column":40}},"type":"default-arg","locations":[{"start":{"line":13,"column":38},"end":{"line":13,"column":40}}],"line":13},"6":{"loc":{"start":{"line":14,"column":12},"end":{"line":14,"column":22}},"type":"default-arg","locations":[{"start":{"line":14,"column":19},"end":{"line":14,"column":22}}],"line":14},"7":{"loc":{"start":{"line":14,"column":24},"end":{"line":14,"column":47}},"type":"default-arg","locations":[{"start":{"line":14,"column":36},"end":{"line":14,"column":47}}],"line":14},"8":{"loc":{"start":{"line":16,"column":4},"end":{"line":17,"column":75}},"type":"if","locations":[{"start":{"line":16,"column":4},"end":{"line":17,"column":75}},{"start":{"line":17,"column":9},"end":{"line":17,"column":75}}],"line":16},"9":{"loc":{"start":{"line":17,"column":9},"end":{"line":17,"column":75}},"type":"if","locations":[{"start":{"line":17,"column":9},"end":{"line":17,"column":75}},{"start":{},"end":{}}],"line":17}},"s":{"0":4,"1":4,"2":4,"3":0,"4":4,"5":11,"6":11,"7":0,"8":11,"9":11,"10":0,"11":0,"12":7,"13":0,"14":7,"15":0,"16":7,"17":0,"18":7,"19":4,"20":7,"21":4,"22":7,"23":3,"24":7,"25":3},"f":{"0":4,"1":0,"2":11,"3":0,"4":0,"5":0,"6":0,"7":4,"8":4,"9":3,"10":3},"b":{"0":[0],"1":[3],"2":[0],"3":[4],"4":[4],"5":[0],"6":[0],"7":[0],"8":[0,11],"9":[11,0]},"_coverageSchema":"1a1c01bbd47fc00a2c39e90264f33305004495a9","hash":"87ea846d9ab12593b77e7bc79ebb0640bc5cc466"}
,"/home/mickael/Documents/projects/filestash/public/lib/dom.js": {"path":"/home/mickael/Documents/projects/filestash/public/lib/dom.js","statementMap":{"0":{"start":{"line":2,"column":4},"end":{"line":2,"column":50}},"1":{"start":{"line":2,"column":16},"end":{"line":2,"column":50}},"2":{"start":{"line":3,"column":20},"end":{"line":3,"column":49}},"3":{"start":{"line":4,"column":4},"end":{"line":4,"column":79}},"4":{"start":{"line":4,"column":18},"end":{"line":4,"column":79}},"5":{"start":{"line":5,"column":4},"end":{"line":5,"column":19}},"6":{"start":{"line":9,"column":4},"end":{"line":9,"column":50}},"7":{"start":{"line":9,"column":16},"end":{"line":9,"column":50}},"8":{"start":{"line":10,"column":4},"end":{"line":10,"column":44}},"9":{"start":{"line":14,"column":4},"end":{"line":14,"column":43}},"10":{"start":{"line":14,"column":33},"end":{"line":14,"column":43}},"11":{"start":{"line":16,"column":17},"end":{"line":16,"column":46}},"12":{"start":{"line":17,"column":4},"end":{"line":17,"column":27}},"13":{"start":{"line":18,"column":4},"end":{"line":22,"column":33}}},"fnMap":{"0":{"name":"qs","decl":{"start":{"line":1,"column":16},"end":{"line":1,"column":18}},"loc":{"start":{"line":1,"column":36},"end":{"line":6,"column":1}},"line":1},"1":{"name":"qsa","decl":{"start":{"line":8,"column":16},"end":{"line":8,"column":19}},"loc":{"start":{"line":8,"column":37},"end":{"line":11,"column":1}},"line":8},"2":{"name":"safe","decl":{"start":{"line":13,"column":16},"end":{"line":13,"column":20}},"loc":{"start":{"line":13,"column":26},"end":{"line":23,"column":1}},"line":13}},"branchMap":{"0":{"loc":{"start":{"line":2,"column":4},"end":{"line":2,"column":50}},"type":"if","locations":[{"start":{"line":2,"column":4},"end":{"line":2,"column":50}},{"start":{},"end":{}}],"line":2},"1":{"loc":{"start":{"line":4,"column":4},"end":{"line":4,"column":79}},"type":"if","locations":[{"start":{"line":4,"column":4},"end":{"line":4,"column":79}},{"start":{},"end":{}}],"line":4},"2":{"loc":{"start":{"line":9,"column":4},"end":{"line":9,"column":50}},"type":"if","locations":[{"start":{"line":9,"column":4},"end":{"line":9,"column":50}},{"start":{},"end":{}}],"line":9},"3":{"loc":{"start":{"line":14,"column":4},"end":{"line":14,"column":43}},"type":"if","locations":[{"start":{"line":14,"column":4},"end":{"line":14,"column":43}},{"start":{},"end":{}}],"line":14},"4":{"loc":{"start":{"line":18,"column":12},"end":{"line":18,"column":32}},"type":"binary-expr","locations":[{"start":{"line":18,"column":12},"end":{"line":18,"column":26}},{"start":{"line":18,"column":30},"end":{"line":18,"column":32}}],"line":18}},"s":{"0":45,"1":0,"2":45,"3":45,"4":0,"5":45,"6":1,"7":0,"8":1,"9":3,"10":1,"11":2,"12":2,"13":2},"f":{"0":45,"1":1,"2":3},"b":{"0":[0,45],"1":[0,45],"2":[0,1],"3":[1,2],"4":[2,0]},"_coverageSchema":"1a1c01bbd47fc00a2c39e90264f33305004495a9","hash":"c667a0574f660b822ce3e4fd488f90d759339587"}
,"/home/mickael/Documents/projects/filestash/public/lib/error.js": {"path":"/home/mickael/Documents/projects/filestash/public/lib/error.js","statementMap":{"0":{"start":{"line":3,"column":8},"end":{"line":3,"column":23}},"1":{"start":{"line":4,"column":8},"end":{"line":4,"column":42}},"2":{"start":{"line":5,"column":8},"end":{"line":5,"column":28}},"3":{"start":{"line":6,"column":8},"end":{"line":6,"column":27}},"4":{"start":{"line":10,"column":8},"end":{"line":10,"column":28}},"5":{"start":{"line":14,"column":8},"end":{"line":14,"column":28}},"6":{"start":{"line":18,"column":8},"end":{"line":18,"column":27}},"7":{"start":{"line":24,"column":8},"end":{"line":24,"column":23}},"8":{"start":{"line":25,"column":8},"end":{"line":25,"column":30}},"9":{"start":{"line":29,"column":8},"end":{"line":29,"column":34}},"10":{"start":{"line":33,"column":8},"end":{"line":33,"column":38}}},"fnMap":{"0":{"name":"(anonymous_0)","decl":{"start":{"line":2,"column":4},"end":{"line":2,"column":5}},"loc":{"start":{"line":2,"column":62},"end":{"line":7,"column":5}},"line":2},"1":{"name":"(anonymous_1)","decl":{"start":{"line":9,"column":4},"end":{"line":9,"column":5}},"loc":{"start":{"line":9,"column":11},"end":{"line":11,"column":5}},"line":9},"2":{"name":"(anonymous_2)","decl":{"start":{"line":13,"column":4},"end":{"line":13,"column":5}},"loc":{"start":{"line":13,"column":10},"end":{"line":15,"column":5}},"line":13},"3":{"name":"(anonymous_3)","decl":{"start":{"line":17,"column":4},"end":{"line":17,"column":5}},"loc":{"start":{"line":17,"column":11},"end":{"line":19,"column":5}},"line":17},"4":{"name":"(anonymous_4)","decl":{"start":{"line":23,"column":4},"end":{"line":23,"column":5}},"loc":{"start":{"line":23,"column":32},"end":{"line":26,"column":5}},"line":23},"5":{"name":"(anonymous_5)","decl":{"start":{"line":28,"column":4},"end":{"line":28,"column":5}},"loc":{"start":{"line":28,"column":11},"end":{"line":30,"column":5}},"line":28},"6":{"name":"(anonymous_6)","decl":{"start":{"line":32,"column":4},"end":{"line":32,"column":5}},"loc":{"start":{"line":32,"column":12},"end":{"line":34,"column":5}},"line":32}},"branchMap":{"0":{"loc":{"start":{"line":2,"column":25},"end":{"line":2,"column":35}},"type":"default-arg","locations":[{"start":{"line":2,"column":31},"end":{"line":2,"column":35}}],"line":2},"1":{"loc":{"start":{"line":2,"column":37},"end":{"line":2,"column":60}},"type":"default-arg","locations":[{"start":{"line":2,"column":44},"end":{"line":2,"column":60}}],"line":2},"2":{"loc":{"start":{"line":33,"column":15},"end":{"line":33,"column":37}},"type":"binary-expr","locations":[{"start":{"line":33,"column":15},"end":{"line":33,"column":28}},{"start":{"line":33,"column":32},"end":{"line":33,"column":37}}],"line":33}},"s":{"0":1,"1":1,"2":1,"3":1,"4":2,"5":0,"6":1,"7":4,"8":4,"9":1,"10":1},"f":{"0":1,"1":2,"2":0,"3":1,"4":4,"5":1,"6":1},"b":{"0":[1],"1":[1],"2":[1,1]},"_coverageSchema":"1a1c01bbd47fc00a2c39e90264f33305004495a9","hash":"5ce7be4b783fde2e6f83c5d0274fdde0540619d1"}
,"/home/mickael/Documents/projects/filestash/public/lib/form.js": {"path":"/home/mickael/Documents/projects/filestash/public/lib/form.js","statementMap":{"0":{"start":{"line":5,"column":4},"end":{"line":13,"column":7}},"1":{"start":{"line":6,"column":22},"end":{"line":6,"column":42}},"2":{"start":{"line":7,"column":21},"end":{"line":7,"column":41}},"3":{"start":{"line":9,"column":18},"end":{"line":9,"column":26}},"4":{"start":{"line":10,"column":8},"end":{"line":10,"column":56}},"5":{"start":{"line":10,"column":32},"end":{"line":10,"column":56}},"6":{"start":{"line":11,"column":20},"end":{"line":11,"column":32}},"7":{"start":{"line":12,"column":8},"end":{"line":12,"column":55}},"8":{"start":{"line":14,"column":4},"end":{"line":14,"column":20}},"9":{"start":{"line":19,"column":4},"end":{"line":21,"column":5}},"10":{"start":{"line":20,"column":8},"end":{"line":20,"column":111}},"11":{"start":{"line":22,"column":18},"end":{"line":22,"column":20}},"12":{"start":{"line":23,"column":4},"end":{"line":103,"column":5}},"13":{"start":{"line":24,"column":8},"end":{"line":102,"column":9}},"14":{"start":{"line":25,"column":12},"end":{"line":25,"column":123}},"15":{"start":{"line":28,"column":13},"end":{"line":102,"column":9}},"16":{"start":{"line":29,"column":27},"end":{"line":29,"column":60}},"17":{"start":{"line":30,"column":30},"end":{"line":30,"column":88}},"18":{"start":{"line":31,"column":12},"end":{"line":31,"column":51}},"19":{"start":{"line":32,"column":28},"end":{"line":39,"column":14}},"20":{"start":{"line":40,"column":12},"end":{"line":40,"column":43}},"21":{"start":{"line":41,"column":12},"end":{"line":41,"column":31}},"22":{"start":{"line":45,"column":32},"end":{"line":45,"column":48}},"23":{"start":{"line":46,"column":26},"end":{"line":46,"column":85}},"24":{"start":{"line":47,"column":27},"end":{"line":47,"column":81}},"25":{"start":{"line":48,"column":28},"end":{"line":48,"column":84}},"26":{"start":{"line":54,"column":43},"end":{"line":54,"column":75}},"27":{"start":{"line":55,"column":43},"end":{"line":55,"column":121}},"28":{"start":{"line":56,"column":12},"end":{"line":60,"column":13}},"29":{"start":{"line":57,"column":16},"end":{"line":57,"column":53}},"30":{"start":{"line":58,"column":16},"end":{"line":58,"column":44}},"31":{"start":{"line":59,"column":16},"end":{"line":59,"column":34}},"32":{"start":{"line":61,"column":12},"end":{"line":101,"column":13}},"33":{"start":{"line":63,"column":35},"end":{"line":63,"column":71}},"34":{"start":{"line":64,"column":16},"end":{"line":64,"column":58}},"35":{"start":{"line":65,"column":16},"end":{"line":65,"column":67}},"36":{"start":{"line":66,"column":16},"end":{"line":77,"column":17}},"37":{"start":{"line":67,"column":20},"end":{"line":69,"column":83}},"38":{"start":{"line":67,"column":53},"end":{"line":67,"column":62}},"39":{"start":{"line":68,"column":25},"end":{"line":69,"column":83}},"40":{"start":{"line":68,"column":42},"end":{"line":68,"column":51}},"41":{"start":{"line":69,"column":25},"end":{"line":69,"column":83}},"42":{"start":{"line":69,"column":74},"end":{"line":69,"column":83}},"43":{"start":{"line":71,"column":35},"end":{"line":71,"column":93}},"44":{"start":{"line":72,"column":36},"end":{"line":72,"column":91}},"45":{"start":{"line":73,"column":37},"end":{"line":73,"column":95}},"46":{"start":{"line":74,"column":20},"end":{"line":74,"column":58}},"47":{"start":{"line":75,"column":20},"end":{"line":75,"column":50}},"48":{"start":{"line":76,"column":20},"end":{"line":76,"column":51}},"49":{"start":{"line":78,"column":16},"end":{"line":78,"column":39}},"50":{"start":{"line":81,"column":34},"end":{"line":81,"column":108}},"51":{"start":{"line":82,"column":16},"end":{"line":82,"column":80}},"52":{"start":{"line":82,"column":32},"end":{"line":82,"column":80}},"53":{"start":{"line":83,"column":35},"end":{"line":83,"column":39}},"54":{"start":{"line":86,"column":16},"end":{"line":100,"column":18}},"55":{"start":{"line":87,"column":20},"end":{"line":87,"column":71}},"56":{"start":{"line":88,"column":20},"end":{"line":88,"column":86}},"57":{"start":{"line":88,"column":47},"end":{"line":88,"column":86}},"58":{"start":{"line":89,"column":20},"end":{"line":99,"column":21}},"59":{"start":{"line":90,"column":24},"end":{"line":93,"column":27}},"60":{"start":{"line":95,"column":24},"end":{"line":98,"column":27}},"61":{"start":{"line":104,"column":4},"end":{"line":104,"column":17}},"62":{"start":{"line":108,"column":23},"end":{"line":108,"column":59}},"63":{"start":{"line":109,"column":4},"end":{"line":109,"column":68}},"64":{"start":{"line":109,"column":28},"end":{"line":109,"column":68}},"65":{"start":{"line":110,"column":19},"end":{"line":110,"column":52}},"66":{"start":{"line":111,"column":4},"end":{"line":113,"column":7}},"67":{"start":{"line":112,"column":8},"end":{"line":112,"column":38}},"68":{"start":{"line":114,"column":4},"end":{"line":114,"column":22}}},"fnMap":{"0":{"name":"mutateForm","decl":{"start":{"line":4,"column":16},"end":{"line":4,"column":26}},"loc":{"start":{"line":4,"column":48},"end":{"line":15,"column":1}},"line":4},"1":{"name":"(anonymous_1)","decl":{"start":{"line":5,"column":35},"end":{"line":5,"column":36}},"loc":{"start":{"line":5,"column":50},"end":{"line":13,"column":5}},"line":5},"2":{"name":"createFormNodes","decl":{"start":{"line":17,"column":15},"end":{"line":17,"column":30}},"loc":{"start":{"line":17,"column":100},"end":{"line":105,"column":1}},"line":17},"3":{"name":"(anonymous_3)","decl":{"start":{"line":86,"column":34},"end":{"line":86,"column":35}},"loc":{"start":{"line":86,"column":46},"end":{"line":100,"column":17}},"line":86},"4":{"name":"createForm","decl":{"start":{"line":107,"column":22},"end":{"line":107,"column":32}},"loc":{"start":{"line":107,"column":45},"end":{"line":115,"column":1}},"line":107},"5":{"name":"(anonymous_5)","decl":{"start":{"line":111,"column":19},"end":{"line":111,"column":20}},"loc":{"start":{"line":111,"column":30},"end":{"line":113,"column":5}},"line":111}},"branchMap":{"0":{"loc":{"start":{"line":12,"column":26},"end":{"line":12,"column":53}},"type":"cond-expr","locations":[{"start":{"line":12,"column":41},"end":{"line":12,"column":45}},{"start":{"line":12,"column":48},"end":{"line":12,"column":53}}],"line":12},"1":{"loc":{"start":{"line":17,"column":76},"end":{"line":17,"column":85}},"type":"default-arg","locations":[{"start":{"line":17,"column":83},"end":{"line":17,"column":85}}],"line":17},"2":{"loc":{"start":{"line":17,"column":87},"end":{"line":17,"column":96}},"type":"default-arg","locations":[{"start":{"line":17,"column":95},"end":{"line":17,"column":96}}],"line":17},"3":{"loc":{"start":{"line":19,"column":4},"end":{"line":21,"column":5}},"type":"if","locations":[{"start":{"line":19,"column":4},"end":{"line":21,"column":5}},{"start":{},"end":{}}],"line":19},"4":{"loc":{"start":{"line":24,"column":8},"end":{"line":102,"column":9}},"type":"if","locations":[{"start":{"line":24,"column":8},"end":{"line":102,"column":9}},{"start":{"line":28,"column":13},"end":{"line":102,"column":9}}],"line":24},"5":{"loc":{"start":{"line":28,"column":13},"end":{"line":102,"column":9}},"type":"if","locations":[{"start":{"line":28,"column":13},"end":{"line":102,"column":9}},{"start":{"line":44,"column":13},"end":{"line":102,"column":9}}],"line":28},"6":{"loc":{"start":{"line":30,"column":30},"end":{"line":30,"column":88}},"type":"binary-expr","locations":[{"start":{"line":30,"column":30},"end":{"line":30,"column":78}},{"start":{"line":30,"column":82},"end":{"line":30,"column":88}}],"line":30},"7":{"loc":{"start":{"line":48,"column":28},"end":{"line":48,"column":84}},"type":"binary-expr","locations":[{"start":{"line":48,"column":28},"end":{"line":48,"column":75}},{"start":{"line":48,"column":79},"end":{"line":48,"column":84}}],"line":48},"8":{"loc":{"start":{"line":55,"column":43},"end":{"line":55,"column":121}},"type":"binary-expr","locations":[{"start":{"line":55,"column":43},"end":{"line":55,"column":70}},{"start":{"line":55,"column":74},"end":{"line":55,"column":90}},{"start":{"line":55,"column":94},"end":{"line":55,"column":121}}],"line":55},"9":{"loc":{"start":{"line":56,"column":12},"end":{"line":60,"column":13}},"type":"if","locations":[{"start":{"line":56,"column":12},"end":{"line":60,"column":13}},{"start":{},"end":{}}],"line":56},"10":{"loc":{"start":{"line":61,"column":12},"end":{"line":101,"column":13}},"type":"if","locations":[{"start":{"line":61,"column":12},"end":{"line":101,"column":13}},{"start":{},"end":{}}],"line":61},"11":{"loc":{"start":{"line":67,"column":20},"end":{"line":69,"column":83}},"type":"if","locations":[{"start":{"line":67,"column":20},"end":{"line":69,"column":83}},{"start":{"line":68,"column":25},"end":{"line":69,"column":83}}],"line":67},"12":{"loc":{"start":{"line":68,"column":25},"end":{"line":69,"column":83}},"type":"if","locations":[{"start":{"line":68,"column":25},"end":{"line":69,"column":83}},{"start":{"line":69,"column":25},"end":{"line":69,"column":83}}],"line":68},"13":{"loc":{"start":{"line":69,"column":25},"end":{"line":69,"column":83}},"type":"if","locations":[{"start":{"line":69,"column":25},"end":{"line":69,"column":83}}
[...]
dminpage/decorator_admin_only.js","statementMap":{"0":{"start":{"line":9,"column":4},"end":{"line":19,"column":6}},"1":{"start":{"line":10,"column":24},"end":{"line":10,"column":101}},"2":{"start":{"line":10,"column":57},"end":{"line":10,"column":100}},"3":{"start":{"line":11,"column":8},"end":{"line":11,"column":47}},"4":{"start":{"line":11,"column":24},"end":{"line":11,"column":45}},"5":{"start":{"line":13,"column":8},"end":{"line":18,"column":11}},"6":{"start":{"line":14,"column":34},"end":{"line":14,"column":67}},"7":{"start":{"line":15,"column":37},"end":{"line":15,"column":60}},"8":{"start":{"line":16,"column":27},"end":{"line":16,"column":48}},"9":{"start":{"line":17,"column":31},"end":{"line":17,"column":43}}},"fnMap":{"0":{"name":"AdminOnly","decl":{"start":{"line":8,"column":24},"end":{"line":8,"column":33}},"loc":{"start":{"line":8,"column":47},"end":{"line":20,"column":1}},"line":8},"1":{"name":"(anonymous_1)","decl":{"start":{"line":9,"column":11},"end":{"line":9,"column":12}},"loc":{"start":{"line":9,"column":23},"end":{"line":19,"column":5}},"line":9},"2":{"name":"(anonymous_2)","decl":{"start":{"line":10,"column":51},"end":{"line":10,"column":52}},"loc":{"start":{"line":10,"column":57},"end":{"line":10,"column":100}},"line":10},"3":{"name":"(anonymous_3)","decl":{"start":{"line":11,"column":18},"end":{"line":11,"column":19}},"loc":{"start":{"line":11,"column":24},"end":{"line":11,"column":45}},"line":11},"4":{"name":"(anonymous_4)","decl":{"start":{"line":14,"column":21},"end":{"line":14,"column":22}},"loc":{"start":{"line":14,"column":34},"end":{"line":14,"column":67}},"line":14},"5":{"name":"(anonymous_5)","decl":{"start":{"line":15,"column":28},"end":{"line":15,"column":29}},"loc":{"start":{"line":15,"column":37},"end":{"line":15,"column":60}},"line":15},"6":{"name":"(anonymous_6)","decl":{"start":{"line":16,"column":21},"end":{"line":16,"column":22}},"loc":{"start":{"line":16,"column":27},"end":{"line":16,"column":48}},"line":16},"7":{"name":"(anonymous_7)","decl":{"start":{"line":17,"column":21},"end":{"line":17,"column":22}},"loc":{"start":{"line":17,"column":31},"end":{"line":17,"column":43}},"line":17}},"branchMap":{"0":{"loc":{"start":{"line":14,"column":34},"end":{"line":14,"column":67}},"type":"cond-expr","locations":[{"start":{"line":14,"column":44},"end":{"line":14,"column":55}},{"start":{"line":14,"column":58},"end":{"line":14,"column":67}}],"line":14}},"s":{"0":3,"1":3,"2":0,"3":3,"4":0,"5":3,"6":2,"7":1,"8":3,"9":3},"f":{"0":3,"1":3,"2":0,"3":0,"4":2,"5":1,"6":3,"7":3},"b":{"0":[1,1]},"_coverageSchema":"1a1c01bbd47fc00a2c39e90264f33305004495a9","hash":"2864c0da367358aeaaa6b44ba198420ce4975af9"}
,"/home/mickael/Documents/projects/filestash/public/pages/adminpage/decorator_sidemenu.js": {"path":"/home/mickael/Documents/projects/filestash/public/pages/adminpage/decorator_sidemenu.js","statementMap":{"0":{"start":{"line":14,"column":4},"end":{"line":85,"column":6}},"1":{"start":{"line":15,"column":20},"end":{"line":15,"column":85}},"2":{"start":{"line":16,"column":22},"end":{"line":52,"column":10}},"3":{"start":{"line":53,"column":8},"end":{"line":53,"column":22}},"4":{"start":{"line":56,"column":8},"end":{"line":56,"column":79}},"5":{"start":{"line":56,"column":24},"end":{"line":56,"column":77}},"6":{"start":{"line":59,"column":8},"end":{"line":62,"column":11}},"7":{"start":{"line":60,"column":38},"end":{"line":60,"column":45}},"8":{"start":{"line":65,"column":8},"end":{"line":76,"column":11}},"9":{"start":{"line":69,"column":33},"end":{"line":69,"column":39}},"10":{"start":{"line":70,"column":36},"end":{"line":74,"column":24}},"11":{"start":{"line":79,"column":8},"end":{"line":84,"column":11}},"12":{"start":{"line":80,"column":36},"end":{"line":80,"column":40}},"13":{"start":{"line":81,"column":33},"end":{"line":81,"column":85}},"14":{"start":{"line":82,"column":30},"end":{"line":82,"column":57}},"15":{"start":{"line":83,"column":30},"end":{"line":83,"column":57}}},"fnMap":{"0":{"name":"(anonymous_0)","decl":{"start":{"line":13,"column":15},"end":{"line":13,"column":16}},"loc":{"start":{"line":13,"column":30},"end":{"line":86,"column":1}},"line":13},"1":{"name":"(anonymous_1)","decl":{"start":{"line":14,"column":11},"end":{"line":14,"column":12}},"loc":{"start":{"line":14,"column":34},"end":{"line":85,"column":5}},"line":14},"2":{"name":"(anonymous_2)","decl":{"start":{"line":56,"column":13},"end":{"line":56,"column":14}},"loc":{"start":{"line":56,"column":24},"end":{"line":56,"column":77}},"line":56},"3":{"name":"(anonymous_3)","decl":{"start":{"line":60,"column":21},"end":{"line":60,"column":22}},"loc":{"start":{"line":60,"column":38},"end":{"line":60,"column":45}},"line":60},"4":{"name":"(anonymous_4)","decl":{"start":{"line":69,"column":21},"end":{"line":69,"column":22}},"loc":{"start":{"line":69,"column":33},"end":{"line":69,"column":39}},"line":69},"5":{"name":"(anonymous_5)","decl":{"start":{"line":70,"column":21},"end":{"line":70,"column":22}},"loc":{"start":{"line":70,"column":36},"end":{"line":74,"column":24}},"line":70},"6":{"name":"(anonymous_6)","decl":{"start":{"line":80,"column":26},"end":{"line":80,"column":27}},"loc":{"start":{"line":80,"column":36},"end":{"line":80,"column":40}},"line":80},"7":{"name":"(anonymous_7)","decl":{"start":{"line":81,"column":24},"end":{"line":81,"column":25}},"loc":{"start":{"line":81,"column":33},"end":{"line":81,"column":85}},"line":81},"8":{"name":"(anonymous_8)","decl":{"start":{"line":82,"column":21},"end":{"line":82,"column":22}},"loc":{"start":{"line":82,"column":30},"end":{"line":82,"column":57}},"line":82},"9":{"name":"(anonymous_9)","decl":{"start":{"line":83,"column":21},"end":{"line":83,"column":22}},"loc":{"start":{"line":83,"column":30},"end":{"line":83,"column":57}},"line":83}},"branchMap":{"0":{"loc":{"start":{"line":69,"column":33},"end":{"line":69,"column":39}},"type":"binary-expr","locations":[{"start":{"line":69,"column":33},"end":{"line":69,"column":34}},{"start":{"line":69,"column":38},"end":{"line":69,"column":39}}],"line":69},"1":{"loc":{"start":{"line":70,"column":36},"end":{"line":74,"column":24}},"type":"cond-expr","locations":[{"start":{"line":71,"column":18},"end":{"line":71,"column":70}},{"start":{"line":72,"column":18},"end":{"line":74,"column":24}}],"line":70}},"s":{"0":2,"1":2,"2":2,"3":2,"4":2,"5":2,"6":2,"7":2,"8":2,"9":4,"10":4,"11":2,"12":2,"13":8,"14":1,"15":1},"f":{"0":2,"1":2,"2":2,"3":2,"4":4,"5":4,"6":2,"7":8,"8":1,"9":1},"b":{"0":[4,4],"1":[0,4]},"_coverageSchema":"1a1c01bbd47fc00a2c39e90264f33305004495a9","hash":"d9a60bec22f72d5d66a57cb675955e97a6093b0e"}
,"/home/mickael/Documents/projects/filestash/public/pages/adminpage/helper_form.js": {"path":"/home/mickael/Documents/projects/filestash/public/pages/adminpage/helper_form.js","statementMap":{"0":{"start":{"line":5,"column":4},"end":{"line":20,"column":7}},"1":{"start":{"line":24,"column":4},"end":{"line":42,"column":6}},"2":{"start":{"line":25,"column":28},"end":{"line":25,"column":44}},"3":{"start":{"line":26,"column":31},"end":{"line":26,"column":59}},"4":{"start":{"line":27,"column":25},"end":{"line":37,"column":9}},"5":{"start":{"line":30,"column":16},"end":{"line":35,"column":17}},"6":{"start":{"line":32,"column":20},"end":{"line":32,"column":44}},"7":{"start":{"line":34,"column":20},"end":{"line":34,"column":42}},"8":{"start":{"line":39,"column":12},"end":{"line":39,"column":50}},"9":{"start":{"line":40,"column":12},"end":{"line":40,"column":25}},"10":{"start":{"line":46,"column":26},"end":{"line":58,"column":5}},"11":{"start":{"line":47,"column":8},"end":{"line":47,"column":46}},"12":{"start":{"line":47,"column":25},"end":{"line":47,"column":46}},"13":{"start":{"line":48,"column":20},"end":{"line":48,"column":40}},"14":{"start":{"line":49,"column":8},"end":{"line":56,"column":11}},"15":{"start":{"line":50,"column":22},"end":{"line":50,"column":30}},"16":{"start":{"line":51,"column":12},"end":{"line":55,"column":13}},"17":{"start":{"line":52,"column":16},"end":{"line":52,"column":42}},"18":{"start":{"line":54,"column":16},"end":{"line":54,"column":62}},"19":{"start":{"line":57,"column":8},"end":{"line":57,"column":19}},"20":{"start":{"line":59,"column":4},"end":{"line":59,"column":35}}},"fnMap":{"0":{"name":"renderLeaf","decl":{"start":{"line":4,"column":16},"end":{"line":4,"column":26}},"loc":{"start":{"line":4,"column":65},"end":{"line":21,"column":1}},"line":4},"1":{"name":"useForm$","decl":{"start":{"line":23,"column":16},"end":{"line":23,"column":24}},"loc":{"start":{"line":23,"column":41},"end":{"line":43,"column":1}},"line":23},"2":{"name":"(anonymous_2)","decl":{"start":{"line":25,"column":22},"end":{"line":25,"column":23}},"loc":{"start":{"line":25,"column":28},"end":{"line":25,"column":44}},"line":25},"3":{"name":"(anonymous_3)","decl":{"start":{"line":26,"column":22},"end":{"line":26,"column":23}},"loc":{"start":{"line":26,"column":31},"end":{"line":26,"column":59}},"line":26},"4":{"name":"(anonymous_4)","decl":{"start":{"line":27,"column":17},"end":{"line":27,"column":18}},"loc":{"start":{"line":27,"column":25},"end":{"line":37,"column":9}},"line":27},"5":{"name":"(anonymous_5)","decl":{"start":{"line":29,"column":19},"end":{"line":29,"column":20}},"loc":{"start":{"line":29,"column":30},"end":{"line":36,"column":13}},"line":29},"6":{"name":"(anonymous_6)","decl":{"start":{"line":38,"column":18},"end":{"line":38,"column":19}},"loc":{"start":{"line":38,"column":39},"end":{"line":41,"column":9}},"line":38},"7":{"name":"formObjToJSON$","decl":{"start":{"line":45,"column":16},"end":{"line":45,"column":30}},"loc":{"start":{"line":45,"column":33},"end":{"line":60,"column":1}},"line":45},"8":{"name":"(anonymous_8)","decl":{"start":{"line":46,"column":26},"end":{"line":46,"column":27}},"loc":{"start":{"line":46,"column":44},"end":{"line":58,"column":5}},"line":46},"9":{"name":"(anonymous_9)","decl":{"start":{"line":49,"column":29},"end":{"line":49,"column":30}},"loc":{"start":{"line":49,"column":38},"end":{"line":56,"column":9}},"line":49}},"branchMap":{"0":{"loc":{"start":{"line":16,"column":47},"end":{"line":16,"column":64}},"type":"binary-expr","locations":[{"start":{"line":16,"column":47},"end":{"line":16,"column":58}},{"start":{"line":16,"column":62},"end":{"line":16,"column":64}}],"line":16},"1":{"loc":{"start":{"line":30,"column":16},"end":{"line":35,"column":17}},"type":"switch","locations":[{"start":{"line":31,"column":16},"end":{"line":32,"column":44}},{"start":{"line":33,"column":16},"end":{"line":34,"column":42}}],"line":30},"2":{"loc":{"start":{"line":46,"column":30},"end":{"line":46,"column":39}},"type":"default-arg","locations":[{"start":{"line":46,"column":38},"end":{"line":46,"column":39}}],"line":46},"3":{"loc":{"start":{"line":47,"column":8},"end":{"line":47,"column":46}},"type":"if","locations":[{"start":{"line":47,"column":8},"end":{"line":47,"column":46}},{"start":{},"end":{}}],"line":47},"4":{"loc":{"start":{"line":51,"column":12},"end":{"line":55,"column":13}},"type":"if","locations":[{"start":{"line":51,"column":12},"end":{"line":55,"column":13}},{"start":{"line":53,"column":19},"end":{"line":55,"column":13}}],"line":51},"5":{"loc":{"start":{"line":51,"column":16},"end":{"line":51,"column":77}},"type":"binary-expr","locations":[{"start":{"line":51,"column":16},"end":{"line":51,"column":28}},{"start":{"line":51,"column":32},"end":{"line":51,"column":43}},{"start":{"line":51,"column":47},"end":{"line":51,"column":61}},{"start":{"line":51,"column":65},"end":{"line":51,"column":77}}],"line":51}},"s":{"0":0,"1":0,"2":0,"3":0,"4":0,"5":0,"6":0,"7":0,"8":0,"9":0,"10":0,"11":0,"12":0,"13":0,"14":0,"15":0,"16":0,"17":0,"18":0,"19":0,"20":0},"f":{"0":0,"1":0,"2":0,"3":0,"4":0,"5":0,"6":0,"7":0,"8":0,"9":0},"b":{"0":[0,0],"1":[0,0],"2":[0],"3":[0,0],"4":[0,0],"5":[0,0,0,0]},"_coverageSchema":"1a1c01bbd47fc00a2c39e90264f33305004495a9","hash":"6dc00d5b458c6a2ff410f38387d646c37604df3a"}
,"/home/mickael/Documents/projects/filestash/public/pages/adminpage/model_admin_session.js": {"path":"/home/mickael/Documents/projects/filestash/public/pages/adminpage/model_admin_session.js","statementMap":{"0":{"start":{"line":4,"column":24},"end":{"line":4,"column":43}},"1":{"start":{"line":6,"column":22},"end":{"line":14,"column":27}},"2":{"start":{"line":10,"column":28},"end":{"line":10,"column":85}},"3":{"start":{"line":11,"column":39},"end":{"line":11,"column":58}},"4":{"start":{"line":17,"column":4},"end":{"line":17,"column":25}},"5":{"start":{"line":21,"column":4},"end":{"line":32,"column":6}},"6":{"start":{"line":22,"column":32},"end":{"line":31,"column":9}},"7":{"start":{"line":29,"column":34},"end":{"line":29,"column":48}},"8":{"start":{"line":30,"column":29},"end":{"line":30,"column":59}}},"fnMap":{"0":{"name":"(anonymous_0)","decl":{"start":{"line":10,"column":22},"end":{"line":10,"column":23}},"loc":{"start":{"line":10,"column":28},"end":{"line":10,"column":85}},"line":10},"1":{"name":"(anonymous_1)","decl":{"start":{"line":11,"column":17},"end":{"line":11,"column":18}},"loc":{"start":{"line":11,"column":39},"end":{"line":11,"column":58}},"line":11},"2":{"name":"isAdmin$","decl":{"start":{"line":16,"column":16},"end":{"line":16,"column":24}},"loc":{"start":{"line":16,"column":27},"end":{"line":18,"column":1}},"line":16},"3":{"name":"authenticate$","decl":{"start":{"line":20,"column":16},"end":{"line":20,"column":29}},"loc":{"start":{"line":20,"column":32},"end":{"line":33,"column":1}},"line":20},"4":{"name":"(anonymous_4)","decl":{"start":{"line":22,"column":22},"end":{"line":22,"column":23}},"loc":{"start":{"line":22,"column":32},"end":{"line":31,"column":9}},"line":22},"5":{"name":"(anonymous_5)","decl":{"start":{"line":29,"column":28},"end":{"line":29,"column":29}},"loc":{"start":{"line":29,"column":34},"end":{"line":29,"column":48}},"line":29},"6":{"name":"(anonymous_6)","decl":{"start":{"line":30,"column":21},"end":{"line":30,"column":22}},"loc":{"start":{"line":30,"column":29},"end":{"line":30,"column":59}},"line":30}},"branchMap":{"0":{"loc":{"start":{"line":30,"column":29},"end":{"line":30,"column":59}},"type":"binary-expr","locations":[{"start":{"line":30,"column":29},"end":{"line":30,"column":31}},{"start":{"line":30,"column":35},"end":{"line":30,"column":59}}],"line":30}},"s":{"0":3,"1":3,"2":0,"3":0,"4":0,"5":0,"6":0,"7":0,"8":0},"f":{"0":0,"1":0,"2":0,"3":0,"4":0,"5":0,"6":0},"b":{"0":[0,0]},"_coverageSchema":"1a1c01bbd47fc00a2c39e90264f33305004495a9","hash":"cc82d6490ddca7ae0a847e18565dd466c9b55fe8"}
,"/home/mickael/Documents/projects/filestash/public/pages/adminpage/model_audit.js": {"path":"/home/mickael/Documents/projects/filestash/public/pages/adminpage/model_audit.js","statementMap":{"0":{"start":{"line":4,"column":19},"end":{"line":4,"column":50}},"1":{"start":{"line":7,"column":4},"end":{"line":12,"column":6}},"2":{"start":{"line":11,"column":39},"end":{"line":11,"column":58}},"3":{"start":{"line":16,"column":4},"end":{"line":16,"column":36}},"4":{"start":{"line":20,"column":4},"end":{"line":20,"column":37}}},"fnMap":{"0":{"name":"get","decl":{"start":{"line":6,"column":16},"end":{"line":6,"column":19}},"loc":{"start":{"line":6,"column":58},"end":{"line":13,"column":1}},"line":6},"1":{"name":"(anonymous_1)","decl":{"start":{"line":11,"column":17},"end":{"line":11,"column":18}},"loc":{"start":{"line":11,"column":39},"end":{"line":11,"column":58}},"line":11},"2":{"name":"setLoader","decl":{"start":{"line":15,"column":16},"end":{"line":15,"column":25}},"loc":{"start":{"line":15,"column":33},"end":{"line":17,"column":1}},"line":15},"3":{"name":"isLoading","decl":{"start":{"line":19,"column":16},"end":{"line":19,"column":25}},"loc":{"start":{"line":19,"column":28},"end":{"line":21,"column":1}},"line":19}},"branchMap":{"0":{"loc":{"start":{"line":6,"column":20},"end":{"line":6,"column":56}},"type":"default-arg","locations":[{"start":{"line":6,"column":35},"end":{"line":6,"column":56}}],"line":6}},"s":{"0":1,"1":0,"2":0,"3":0,"4":2},"f":{"0":0,"1":0,"2":0,"3":2},"b":{"0":[0]},"_coverageSchema":"1a1c01bbd47fc00a2c39e90264f33305004495a9","hash":"543d74c2187f76975284a9b3fdb7d3753eb971c2"}
,"/home/mickael/Documents/projects/filestash/public/pages/adminpage/model_config.js": {"path":"/home/mickael/Documents/projects/filestash/public/pages/adminpage/model_config.js","statementMap":{"0":{"start":{"line":4,"column":18},"end":{"line":4,"column":49}},"1":{"start":{"line":6,"column":16},"end":{"line":14,"column":1}},"2":{"start":{"line":12,"column":22},"end":{"line":12,"column":45}},"3":{"start":{"line":17,"column":4},"end":{"line":17,"column":36}},"4":{"start":{"line":21,"column":4},"end":{"line":21,"column":19}},"5":{"start":{"line":25,"column":4},"end":{"line":33,"column":6}},"6":{"start":{"line":26,"column":23},"end":{"line":26,"column":43}},"7":{"start":{"line":29,"column":24},"end":{"line":31,"column":14}},"8":{"start":{"line":30,"column":12},"end":{"line":30,"column":45}},"9":{"start":{"line":30,"column":32},"end":{"line":30,"column":45}},"10":{"start":{"line":32,"column":23},"end":{"line":32,"column":44}}},"fnMap":{"0":{"name":"(anonymous_0)","decl":{"start":{"line":12,"column":13},"end":{"line":12,"column":14}},"loc":{"start":{"line":12,"column":22},"end":{"line":12,"column":45}},"line":12},"1":{"name":"isSaving","decl":{"start":{"line":16,"column":16},"end":{"line":16,"column":24}},"loc":{"start":{"line":16,"column":27},"end":{"line":18,"column":1}},"line":16},"2":{"name":"get","decl":{"start":{"line":20,"column":16},"end":{"line":20,"column":19}},"loc":{"start":{"line":20,"column":22},"end":{"line":22,"column":1}},"line":20},"3":{"name":"save","decl":{"start":{"line":24,"column":16},"end":{"line":24,"column":20}},"loc":{"start":{"line":24,"column":23},"end":{"line":34,"column":1}},"line":24},"4":{"name":"(anonymous_4)","decl":{"start":{"line":26,"column":17},"end":{"line":26,"column":18}},"loc":{"start":{"line":26,"column":23},"end":{"line":26,"column":43}},"line":26},"5":{"name":"(anonymous_5)","decl":{"start":{"line":29,"column":17},"end":{"line":29,"column":18}},"loc":{"start":{"line":29,"column":24},"end":{"line":31,"column":14}},"line":29},"6":{"name":"(anonymous_6)","decl":{"start":{"line":29,"column":54},"end":{"line":29,"column":55}},"loc":{"start":{"line":29,"column":70},"end":{"line":31,"column":9}},"line":29},"7":{"name":"(anonymous_7)","decl":{"start":{"line":32,"column":17},"end":{"line":32,"column":18}},"loc":{"start":{"line":32,"column":23},"end":{"line":32,"column":44}},"line":32}},"branchMap":{"0":{"loc":{"start":{"line":30,"column":12},"end":{"line":30,"column":45}},"type":"if","locations":[{"start":{"line":30,"column":12},"end":{"line":30,"column":45}},{"start":{},"end":{}}],"line":30}},"s":{"0":2,"1":2,"2":0,"3":2,"4":0,"5":0,"6":0,"7":0,"8":0,"9":0,"10":0},"f":{"0":0,"1":2,"2":0,"3":0,"4":0,"5":0,"6":0,"7":0},"b":{"0":[0,0]},"_coverageSchema":"1a1c01bbd47fc00a2c39e90264f33305004495a9","hash":"0ca614c318a772f5c36c0b2b31058c23dbf98c69"}
,"/home/mickael/Documents/projects/filestash/public/pages/adminpage/model_release.js": {"path":"/home/mickael/Documents/projects/filestash/public/pages/adminpage/model_release.js","statementMap":{"0":{"start":{"line":4,"column":17},"end":{"line":7,"column":28}},"1":{"start":{"line":10,"column":4},"end":{"line":19,"column":6}},"2":{"start":{"line":12,"column":22},"end":{"line":12,"column":52}},"3":{"start":{"line":13,"column":12},"end":{"line":13,"column":35}},"4":{"start":{"line":14,"column":12},"end":{"line":17,"column":14}}},"fnMap":{"0":{"name":"get","decl":{"start":{"line":9,"column":16},"end":{"line":9,"column":19}},"loc":{"start":{"line":9,"column":22},"end":{"line":20,"column":1}},"line":9},"1":{"name":"(anonymous_1)","decl":{"start":{"line":11,"column":17},"end":{"line":11,"column":18}},"loc":{"start":{"line":11,"column":52},"end":{"line":18,"column":9}},"line":11}},"branchMap":{},"s":{"0":14,"1":5,"2":1,"3":1,"4":1},"f":{"0":5,"1":1},"b":{},"_coverageSchema":"1a1c01bbd47fc00a2c39e90264f33305004495a9","hash":"e645110b37b45e6b215501f21ed5ec4272f070d7"}
}
