TN:
SF:boot/common.js
FN:1,$error
FNF:1
FNH:1
FNDA:5,$error
DA:2,5
DA:3,5
DA:4,5
DA:5,5
DA:6,5
DA:7,5
DA:9,5
DA:10,5
DA:11,5
DA:12,5
DA:14,5
DA:15,5
DA:16,5
LF:13
LH:13
BRF:0
BRH:0
end_of_record
TN:
SF:boot/ctrl_boot_backoffice.js
FN:6,main
FN:24,setup_device
FN:31,(anonymous_2)
FN:36,setup_blue_death_screen
FN:37,(anonymous_4)
FN:43,setup_history
FN:47,setup_css
FNF:7
FNH:6
FNDA:4,main
FNDA:4,setup_device
FNDA:0,(anonymous_2)
FNDA:4,setup_blue_death_screen
FNDA:1,(anonymous_4)
FNDA:4,setup_history
FNDA:4,setup_css
DA:7,4
DA:8,4
DA:14,0
DA:16,4
DA:17,4
DA:18,4
DA:19,4
DA:22,2
DA:25,4
DA:26,4
DA:28,4
DA:29,0
DA:31,4
DA:32,0
DA:37,4
DA:38,1
DA:39,1
DA:44,4
DA:48,4
LF:19
LH:16
BRDA:17,0,0,0
BRDA:17,0,1,4
BRDA:17,1,0,4
BRDA:17,1,1,0
BRDA:18,2,0,4
BRDA:18,2,1,4
BRDA:25,3,0,4
BRDA:25,3,1,0
BRDA:28,4,0,0
BRDA:28,4,1,4
BRDA:28,5,0,4
BRDA:28,5,1,0
BRDA:32,6,0,0
BRDA:32,6,1,0
BRF:14
BRH:7
end_of_record
TN:
SF:components/form.js
FN:7,formTmpl
FN:14,(anonymous_1)
FN:26,(anonymous_2)
FN:43,$renderInput
FN:46,(anonymous_4)
FN:117,(anonymous_5)
FN:162,(anonymous_6)
FN:208,format
FN:214,(anonymous_8)
FNF:9
FNH:0
FNDA:0,formTmpl
FNDA:0,(anonymous_1)
FNDA:0,(anonymous_2)
FNDA:0,$renderInput
FNDA:0,(anonymous_4)
FNDA:0,(anonymous_5)
FNDA:0,(anonymous_6)
FNDA:0,format
FNDA:0,(anonymous_8)
DA:12,0
DA:13,0
DA:15,0
DA:16,0
DA:17,0
DA:19,0
DA:20,0
DA:27,0
DA:28,0
DA:29,0
DA:31,0
DA:32,0
DA:44,0
DA:46,0
DA:57,0
DA:59,0
DA:60,0
DA:61,0
DA:62,0
DA:63,0
DA:64,0
DA:66,0
DA:68,0
DA:69,0
DA:76,0
DA:77,0
DA:78,0
DA:79,0
DA:80,0
DA:81,0
DA:83,0
DA:94,0
DA:104,0
DA:115,0
DA:116,0
DA:117,0
DA:118,0
DA:119,0
DA:120,0
DA:121,0
DA:124,0
DA:128,0
DA:133,0
DA:143,0
DA:151,0
DA:162,0
DA:163,0
DA:173,0
DA:182,0
DA:191,0
DA:195,0
DA:209,0
DA:210,0
DA:212,0
DA:215,0
DA:216,0
DA:218,0
LF:57
LH:0
BRDA:7,0,0,0
BRDA:9,1,0,0
BRDA:10,2,0,0
BRDA:11,3,0,0
BRDA:15,4,0,0
BRDA:15,4,1,0
BRDA:17,5,0,0
BRDA:17,5,1,0
BRDA:27,6,0,0
BRDA:27,6,1,0
BRDA:29,7,0,0
BRDA:29,7,1,0
BRDA:43,8,0,0
BRDA:48,9,0,0
BRDA:50,10,0,0
BRDA:51,11,0,0
BRDA:52,12,0,0
BRDA:53,13,0,0
BRDA:54,14,0,0
BRDA:55,15,0,0
BRDA:56,16,0,0
BRDA:60,17,0,0
BRDA:60,17,1,0
BRDA:61,18,0,0
BRDA:61,18,1,0
BRDA:62,19,0,0
BRDA:62,19,1,0
BRDA:63,20,0,0
BRDA:63,20,1,0
BRDA:64,21,0,0
BRDA:64,21,1,0
BRDA:66,22,0,0
BRDA:66,22,1,0
BRDA:66,22,2,0
BRDA:66,22,3,0
BRDA:66,22,4,0
BRDA:66,22,5,0
BRDA:66,22,6,0
BRDA:66,22,7,0
BRDA:66,22,8,0
BRDA:66,22,9,0
BRDA:66,22,10,0
BRDA:66,22,11,0
BRDA:66,22,12,0
BRDA:66,22,13,0
BRDA:66,22,14,0
BRDA:72,23,0,0
BRDA:72,23,1,0
BRDA:76,24,0,0
BRDA:76,24,1,0
BRDA:88,25,0,0
BRDA:88,25,1,0
BRDA:88,26,0,0
BRDA:88,26,1,0
BRDA:98,27,0,0
BRDA:98,27,1,0
BRDA:108,28,0,0
BRDA:108,28,1,0
BRDA:116,29,0,0
BRDA:116,29,1,0
BRDA:118,30,0,0
BRDA:118,30,1,0
BRDA:120,31,0,0
BRDA:120,31,1,0
BRDA:137,32,0,0
BRDA:137,32,1,0
BRDA:156,33,0,0
BRDA:156,33,1,0
BRDA:156,34,0,0
BRDA:156,34,1,0
BRDA:166,35,0,0
BRDA:166,35,1,0
BRDA:169,36,0,0
BRDA:169,36,1,0
BRDA:176,37,0,0
BRDA:176,37,1,0
BRDA:185,38,0,0
BRDA:185,38,1,0
BRDA:209,39,0,0
BRDA:209,39,1,0
BRDA:215,40,0,0
BRDA:215,40,1,0
BRF:82
BRH:0
end_of_record
TN:
SF:components/icon.js
FN:2,(anonymous_0)
FN:6,(anonymous_1)
FN:12,(anonymous_2)
FN:20,(anonymous_3)
FNF:4
FNH:0
FNDA:0,(anonymous_0)
FNDA:0,(anonymous_1)
FNDA:0,(anonymous_2)
FNDA:0,(anonymous_3)
DA:3,0
DA:7,0
DA:8,0
DA:9,0
DA:13,0
DA:21,0
DA:23,0
DA:25,0
DA:27,0
DA:29,0
DA:31,0
DA:35,9
LF:12
LH:1
BRDA:21,0,0,0
BRDA:21,0,1,0
BRDA:21,0,2,0
BRDA:21,0,3,0
BRF:4
BRH:0
end_of_record
TN:
SF:components/loader.js
FN:5,(anonymous_0)
FN:7,(anonymous_1)
FN:14,(anonymous_2)
FN:18,(anonymous_3)
FN:48,toggle
FN:49,(anonymous_5)
FN:50,(anonymous_6)
FNF:7
FNH:0
FNDA:0,(anonymous_0)
FNDA:0,(anonymous_1)
FNDA:0,(anonymous_2)
FNDA:0,(anonymous_3)
FNDA:0,toggle
FNDA:0,(anonymous_5)
FNDA:0,(anonymous_6)
DA:6,0
DA:7,0
DA:8,0
DA:15,0
DA:19,0
DA:24,0
DA:45,2
DA:49,0
DA:50,0
LF:9
LH:1
BRDA:11,0,0,0
BRDA:11,0,1,0
BRDA:38,1,0,0
BRDA:38,1,1,0
BRDA:48,2,0,0
BRDA:49,3,0,0
BRDA:49,3,1,0
BRF:7
BRH:0
end_of_record
TN:
SF:components/modal.js
FN:9,(anonymous_0)
FN:16,(anonymous_1)
FN:33,(anonymous_2)
FN:42,(anonymous_3)
FN:45,(anonymous_4)
FN:48,(anonymous_5)
FN:49,(anonymous_6)
FN:57,(anonymous_7)
FN:68,(anonymous_8)
FN:76,(anonymous_9)
FN:88,(anonymous_10)
FN:89,(anonymous_11)
FN:99,(anonymous_12)
FN:108,(anonymous_13)
FN:109,(anonymous_14)
FN:116,find
FNF:16
FNH:9
FNDA:2,(anonymous_0)
FNDA:1,(anonymous_1)
FNDA:1,(anonymous_2)
FNDA:0,(anonymous_3)
FNDA:0,(anonymous_4)
FNDA:0,(anonymous_5)
FNDA:0,(anonymous_6)
FNDA:0,(anonymous_7)
FNDA:1,(anonymous_8)
FNDA:0,(anonymous_9)
FNDA:1,(anonymous_10)
FNDA:1,(anonymous_11)
FNDA:1,(anonymous_12)
FNDA:3,(anonymous_13)
FNDA:0,(anonymous_14)
FNDA:2,find
DA:10,2
DA:16,1
DA:34,1
DA:35,1
DA:36,1
DA:37,1
DA:40,1
DA:42,0
DA:45,0
DA:48,0
DA:49,0
DA:57,0
DA:66,1
DA:68,1
DA:76,0
DA:86,1
DA:88,1
DA:90,1
DA:91,1
DA:92,1
DA:94,1
DA:95,1
DA:96,1
DA:97,1
DA:99,1
DA:105,1
DA:107,1
DA:108,3
DA:109,1
DA:110,0
DA:111,0
DA:113,0
DA:117,2
DA:118,2
DA:119,1
LF:35
LH:26
BRDA:33,0,0,0
BRDA:48,1,0,0
BRDA:48,1,1,0
BRDA:92,2,0,1
BRDA:92,2,1,0
BRDA:95,3,0,0
BRDA:95,3,1,1
BRDA:96,4,0,0
BRDA:96,4,1,1
BRDA:118,5,0,1
BRDA:118,5,1,1
BRF:11
BRH:5
end_of_record
TN:
SF:components/notification.js
FN:6,(anonymous_0)
FN:23,(anonymous_1)
FN:27,(anonymous_2)
FN:38,(anonymous_3)
FN:49,(anonymous_4)
FN:50,(anonymous_5)
FN:50,(anonymous_6)
FN:52,(anonymous_7)
FN:65,find
FN:72,(anonymous_9)
FN:76,(anonymous_10)
FN:80,(anonymous_11)
FNF:12
FNH:12
FNDA:3,(anonymous_0)
FNDA:1,(anonymous_1)
FNDA:3,(anonymous_2)
FNDA:4,(anonymous_3)
FNDA:3,(anonymous_4)
FNDA:3,(anonymous_5)
FNDA:3,(anonymous_6)
FNDA:6,(anonymous_7)
FNDA:4,find
FNDA:2,(anonymous_9)
FNDA:1,(anonymous_10)
FNDA:1,(anonymous_11)
DA:6,3
DA:21,1
DA:24,1
DA:28,3
DA:29,3
DA:30,3
DA:31,2
DA:32,2
DA:33,2
DA:35,1
DA:39,4
DA:40,3
DA:41,3
DA:42,3
DA:43,3
DA:47,3
DA:48,3
DA:49,3
DA:50,3
DA:52,6
DA:53,3
DA:57,3
DA:58,3
DA:59,3
DA:63,2
DA:66,4
DA:67,4
DA:68,3
DA:73,2
DA:77,1
DA:81,1
LF:31
LH:31
BRDA:28,0,0,0
BRDA:28,0,1,3
BRDA:30,1,0,2
BRDA:30,1,1,1
BRDA:32,2,0,0
BRDA:32,2,1,2
BRDA:32,3,0,2
BRDA:32,3,1,1
BRDA:39,4,0,1
BRDA:39,4,1,3
BRDA:49,5,0,1
BRDA:49,5,1,2
BRDA:67,6,0,1
BRDA:67,6,1,3
BRF:14
BRH:12
end_of_record
TN:
SF:components/skeleton.js
FN:1,generateSkeleton
FNF:1
FNH:0
FNDA:0,generateSkeleton
DA:2,0
DA:3,0
DA:4,0
DA:5,0
DA:7,0
LF:5
LH:0
BRF:0
BRH:0
end_of_record
TN:
SF:helpers/loader.js
FN:5,loadScript
FN:9,(anonymous_1)
FN:15,CSS
FN:16,(anonymous_3)
FN:20,loadSingleCSS
FN:29,init
FNF:6
FNH:1
FNDA:0,loadScript
FNDA:0,(anonymous_1)
FNDA:0,CSS
FNDA:0,(anonymous_3)
FNDA:0,loadSingleCSS
FNDA:4,init
DA:3,13
DA:6,0
DA:7,0
DA:8,0
DA:9,0
DA:10,0
DA:11,0
DA:16,0
DA:17,0
DA:21,0
DA:24,0
DA:25,0
DA:26,0
DA:30,4
DA:31,0
LF:15
LH:2
BRDA:24,0,0,0
BRDA:24,0,1,0
BRDA:25,1,0,0
BRDA:25,1,1,0
BRF:4
BRH:0
end_of_record
TN:
SF:helpers/log.js
FN:1,report
FN:11,(anonymous_1)
FNF:2
FNH:2
FNDA:5,report
FNDA:5,(anonymous_1)
DA:2,5
DA:3,5
DA:4,5
DA:5,5
DA:6,5
DA:7,5
DA:8,5
DA:9,5
DA:11,5
LF:9
LH:9
BRDA:2,0,0,0
BRDA:2,0,1,5
BRDA:9,1,0,4
BRDA:9,1,1,1
BRF:4
BRH:3
end_of_record
TN:
SF:lib/ajax.js
FN:4,(anonymous_0)
FN:10,(anonymous_1)
FN:11,(anonymous_2)
FN:25,processError
FN:26,(anonymous_4)
FNF:5
FNH:3
FNDA:15,(anonymous_0)
FNDA:4,(anonymous_1)
FNDA:0,(anonymous_2)
FNDA:4,processError
FNDA:0,(anonymous_4)
DA:5,15
DA:6,15
DA:7,15
DA:8,15
DA:9,15
DA:10,4
DA:12,0
DA:13,0
DA:14,0
DA:15,0
DA:16,0
DA:18,0
DA:20,0
DA:26,4
DA:27,0
DA:28,0
DA:29,0
DA:31,0
DA:40,0
DA:43,0
DA:45,0
DA:46,0
DA:48,0
DA:50,0
DA:55,0
DA:60,0
DA:65,0
DA:70,0
DA:75,0
DA:76,0
DA:81,0
DA:86,0
DA:88,0
DA:93,0
DA:96,0
LF:35
LH:7
BRDA:5,0,0,0
BRDA:5,0,1,15
BRDA:6,1,0,0
BRDA:6,1,1,15
BRDA:7,2,0,15
BRDA:7,2,1,0
BRDA:13,3,0,0
BRDA:13,3,1,0
BRDA:15,4,0,0
BRDA:15,4,1,0
BRDA:40,5,0,0
BRDA:40,5,1,0
BRDA:43,6,0,0
BRDA:43,6,1,0
BRDA:45,7,0,0
BRDA:45,7,1,0
BRDA:48,8,0,0
BRDA:48,8,1,0
BRDA:48,8,2,0
BRDA:48,8,3,0
BRDA:48,8,4,0
BRDA:48,8,5,0
BRDA:48,8,6,0
BRDA:48,8,7,0
BRDA:51,9,0,0
BRDA:51,9,1,0
BRDA:56,10,0,0
BRDA:56,10,1,0
BRDA:61,11,0,0
BRDA:61,11,1,0
BRDA:66,12,0,0
BRDA:66,12,1,0
BRDA:71,13,0,0
BRDA:71,13,1,0
BRDA:75,14,0,0
BRDA:75,14,1,0
BRDA:82,15,0,0
BRDA:82,15,1,0
BRDA:86,16,0,0
BRDA:86,16,1,0
BRDA:96,17,0,0
BRDA:96,17,1,0
BRF:42
BRH:3
end_of_record
TN:
SF:lib/animate.js
FN:3,transition
FN:9,(anonymous_1)
FN:13,animate
FN:19,(anonymous_3)
FN:27,(anonymous_4)
FN:32,(anonymous_5)
FN:37,(anonymous_6)
FN:42,(anonymous_7)
FN:47,(anonymous_8)
FN:52,(anonymous_9)
FN:57,(anonymous_10)
FNF:11
FNH:6
FNDA:4,transition
FNDA:0,(anonymous_1)
FNDA:11,animate
FNDA:0,(anonymous_3)
FNDA:0,(anonymous_4)
FNDA:0,(anonymous_5)
FNDA:0,(anonymous_6)
FNDA:4,(anonymous_7)
FNDA:4,(anonymous_8)
FNDA:3,(anonymous_9)
FNDA:3,(anonymous_10)
DA:7,4
DA:8,4
DA:9,4
DA:10,4
DA:14,11
DA:16,11
DA:17,11
DA:19,0
DA:20,0
DA:27,7
DA:32,7
DA:37,7
DA:42,7
DA:47,7
DA:52,7
DA:57,7
LF:16
LH:14
BRDA:3,0,0,0
BRDA:5,1,0,3
BRDA:5,2,0,0
BRDA:6,3,0,4
BRDA:6,4,0,4
BRDA:13,5,0,0
BRDA:14,6,0,0
BRDA:14,7,0,0
BRDA:16,8,0,0
BRDA:16,8,1,11
BRDA:17,9,0,11
BRDA:17,9,1,0
BRF:12
BRH:5
end_of_record
TN:
SF:lib/dom.js
FN:1,qs
FN:8,qsa
FN:13,safe
FNF:3
FNH:3
FNDA:45,qs
FNDA:1,qsa
FNDA:3,safe
DA:2,45
DA:3,45
DA:4,45
DA:5,45
DA:9,1
DA:10,1
DA:14,3
DA:16,2
DA:17,2
DA:18,2
LF:10
LH:10
BRDA:2,0,0,0
BRDA:2,0,1,45
BRDA:4,1,0,0
BRDA:4,1,1,45
BRDA:9,2,0,0
BRDA:9,2,1,1
BRDA:14,3,0,1
BRDA:14,3,1,2
BRDA:18,4,0,2
BRDA:18,4,1,0
BRF:10
BRH:6
end_of_record
TN:
SF:lib/error.js
FN:2,(anonymous_0)
FN:9,(anonymous_1)
FN:13,(anonymous_2)
FN:17,(anonymous_3)
FN:23,(anonymous_4)
FN:28,(anonymous_5)
FN:32,(anonymous_6)
FNF:7
FNH:6
FNDA:1,(anonymous_0)
FNDA:2,(anonymous_1)
FNDA:0,(anonymous_2)
FNDA:1,(anonymous_3)
FNDA:4,(anonymous_4)
FNDA:1,(anonymous_5)
FNDA:1,(anonymous_6)
DA:3,1
DA:4,1
DA:5,1
DA:6,1
DA:10,2
DA:14,0
DA:18,1
DA:24,4
DA:25,4
DA:29,1
DA:33,1
LF:11
LH:10
BRDA:2,0,0,1
BRDA:2,1,0,1
BRDA:33,2,0,1
BRDA:33,2,1,1
BRF:4
BRH:4
end_of_record
TN:
SF:lib/form.js
FN:4,mutateForm
FN:5,(anonymous_1)
FN:17,createFormNodes
FN:86,(anonymous_3)
FN:107,createForm
FN:111,(anonymous_5)
FNF:6
FNH:3
FNDA:0,mutateForm
FNDA:0,(anonymous_1)
FNDA:5,createFormNodes
FNDA:0,(anonymous_3)
FNDA:5,createForm
FNDA:9,(anonymous_5)
DA:5,0
DA:6,0
DA:7,0
DA:9,0
DA:10,0
DA:11,0
DA:12,0
DA:14,0
DA:19,5
DA:20,0
DA:22,5
DA:23,5
DA:24,9
DA:25,0
DA:28,9
DA:29,2
DA:30,2
DA:31,2
DA:32,2
DA:40,2
DA:41,2
DA:45,7
DA:46,7
DA:47,7
DA:48,7
DA:54,7
DA:55,7
DA:56,7
DA:57,7
DA:58,7
DA:59,7
DA:61,7
DA:63,0
DA:64,0
DA:65,0
DA:66,0
DA:67,0
DA:68,0
DA:69,0
DA:71,0
DA:72,0
DA:73,0
DA:74,0
DA:75,0
DA:76,0
DA:78,0
DA:81,0
DA:82,0
DA:83,0
DA:86,0
DA:87,0
DA:88,0
DA:89,0
DA:90,0
DA:95,0
DA:104,5
DA:108,5
DA:109,5
DA:110,5
DA:111,5
DA:112,9
DA:114,5
LF:62
LH:29
BRDA:12,0,0,0
BRDA:12,0,1,0
BRDA:17,1,0,3
BRDA:17,2,0,3
BRDA:19,3,0,0
BRDA:19,3,1,5
BRDA:24,4,0,0
BRDA:24,4,1,9
BRDA:28,5,0,2
BRDA:28,5,1,7
BRDA:30,6,0,2
BRDA:30,6,1,2
BRDA:48,7,0,7
BRDA:48,7,1,7
BRDA:55,8,0,7
BRDA:55,8,1,0
BRDA:55,8,2,0
BRDA:56,9,0,7
BRDA:56,9,1,0
BRDA:61,10,0,0
BRDA:61,10,1,7
BRDA:67,11,0,0
BRDA:67,11,1,0
BRDA:68,12,0,0
BRDA:68,12,1,0
BRDA:69,13,0,0
BRDA:69,13,1,0
BRDA:73,14,0,0
BRDA:73,14,1,0
BRDA:81,15,0,0
BRDA:81,15,1,0
BRDA:82,16,0,0
BRDA:82,16,1,0
BRDA:88,17,0,0
BRDA:88,17,1,0
BRDA:89,18,0,0
BRDA:89,18,1,0
BRDA:109,19,0,3
BRDA:109,19,1,2
BRF:39
BRH:15
end_of_record
TN:
SF:lib/locales.js
FN:1,t
FNF:1
FNH:1
FNDA:12,t
DA:2,12
LF:1
LH:1
BRDA:1,0,0,0
BRF:1
BRH:0
end_of_record
TN:
SF:lib/random.js
FN:1,gid
FNF:1
FNH:1
FNDA:1,gid
DA:2,1
DA:3,1
DA:4,1
DA:5,1
LF:4
LH:4
BRDA:1,0,0,1
BRF:1
BRH:1
end_of_record
TN:
SF:lib/rx.js
FN:10,effect
FN:11,(anonymous_1)
FN:11,(anonymous_2)
FN:12,(anonymous_3)
FN:15,applyMutation
FN:17,(anonymous_5)
FN:23,(anonymous_6)
FN:26,stateMutation
FN:28,(anonymous_8)
FN:31,preventDefault
FN:32,(anonymous_10)
FNF:11
FNH:9
FNDA:34,effect
FNDA:22,(anonymous_1)
FNDA:0,(anonymous_2)
FNDA:0,(anonymous_3)
FNDA:25,applyMutation
FNDA:65,(anonymous_5)
FNDA:9,(anonymous_6)
FNDA:8,stateMutation
FNDA:7,(anonymous_8)
FNDA:3,preventDefault
FNDA:1,(anonymous_10)
DA:8,31
DA:11,34
DA:12,34
DA:16,25
DA:17,25
DA:18,65
DA:19,40
DA:20,40
DA:22,25
DA:23,25
DA:27,8
DA:28,8
DA:32,3
LF:13
LH:13
BRDA:16,0,0,0
BRDA:16,0,1,25
BRDA:18,1,0,25
BRDA:18,1,1,40
BRDA:20,2,0,25
BRDA:20,2,1,15
BRDA:27,3,0,0
BRDA:27,3,1,8
BRF:8
BRH:6
end_of_record
TN:
SF:lib/skeleton/index.js
FN:9,(anonymous_0)
FN:10,(anonymous_1)
FN:30,load
FN:38,(anonymous_3)
FN:40,(anonymous_4)
FN:57,createElement
FN:64,createRender
FN:65,(anonymous_7)
FNF:8
FNH:1
FNDA:0,(anonymous_0)
FNDA:0,(anonymous_1)
FNDA:0,load
FNDA:0,(anonymous_3)
FNDA:0,(anonymous_4)
FNDA:44,createElement
FNDA:0,createRender
FNDA:0,(anonymous_7)
DA:10,0
DA:11,0
DA:12,0
DA:13,0
DA:17,0
DA:18,0
DA:20,0
DA:21,0
DA:25,0
DA:26,0
DA:27,0
DA:31,0
DA:33,0
DA:34,0
DA:35,0
DA:37,0
DA:38,0
DA:39,0
DA:40,0
DA:42,0
DA:43,0
DA:44,0
DA:45,0
DA:46,0
DA:48,0
DA:50,0
DA:58,44
DA:59,44
DA:60,44
DA:61,44
DA:65,0
DA:66,0
DA:67,0
LF:33
LH:4
BRDA:9,0,0,0
BRDA:17,1,0,0
BRDA:17,1,1,0
BRDA:21,2,0,0
BRDA:21,2,1,0
BRDA:31,3,0,0
BRDA:31,4,0,0
BRDA:33,5,0,0
BRDA:33,5,1,0
BRDA:35,6,0,0
BRDA:35,6,1,0
BRDA:37,7,0,0
BRDA:37,7,1,0
BRDA:37,8,0,0
BRDA:37,8,1,0
BRDA:39,9,0,0
BRDA:39,9,1,0
BRDA:44,10,0,0
BRDA:44,10,1,0
BRDA:60,11,0,0
BRDA:60,11,1,44
BRDA:66,12,0,0
BRDA:66,12,1,0
BRF:23
BRH:1
end_of_record
TN:
SF:lib/skeleton/lifecycle.js
FN:3,init
FN:4,(anonymous_1)
FN:5,(anonymous_2)
FN:11,onDestroy
FNF:4
FNH:1
FNDA:0,init
FNDA:0,(anonymous_1)
FNDA:0,(anonymous_2)
FNDA:41,onDestroy
DA:1,37
DA:4,0
DA:5,0
DA:6,0
DA:7,0
DA:12,41
LF:6
LH:2
BRF:0
BRH:0
end_of_record
TN:
SF:lib/skeleton/router.js
FN:1,(anonymous_0)
FN:3,init
FN:6,(anonymous_2)
FN:12,navigate
FN:20,(anonymous_4)
FN:22,currentRoute
FN:35,_getHref
FNF:7
FNH:5
FNDA:3,(anonymous_0)
FNDA:4,init
FNDA:2,(anonymous_2)
FNDA:1,navigate
FNDA:0,(anonymous_4)
FNDA:0,currentRoute
FNDA:4,_getHref
DA:1,37
DA:4,4
DA:5,4
DA:6,4
DA:7,2
DA:8,2
DA:13,1
DA:17,1
DA:20,37
DA:23,0
DA:27,0
DA:28,0
DA:29,0
DA:32,0
DA:36,4
DA:37,3
DA:38,2
LF:17
LH:12
BRDA:8,0,0,1
BRDA:8,0,1,1
BRDA:8,1,0,1
BRDA:8,1,1,1
BRDA:20,2,0,0
BRDA:20,2,1,0
BRDA:25,3,0,0
BRDA:25,3,1,0
BRDA:28,4,0,0
BRDA:28,4,1,0
BRDA:36,5,0,1
BRDA:36,5,1,3
BRDA:37,6,0,1
BRDA:37,6,1,2
BRDA:37,7,0,3
BRDA:37,7,1,3
BRF:16
BRH:10
end_of_record
TN:
SF:model/session.js
FN:4,createSession
FN:12,getSession
FN:18,(anonymous_2)
FN:22,deleteSession
FNF:4
FNH:4
FNDA:1,createSession
FNDA:1,getSession
FNDA:1,(anonymous_2)
FNDA:1,deleteSession
DA:5,1
DA:13,1
DA:18,1
DA:23,1
LF:4
LH:4
BRF:0
BRH:0
end_of_record
TN:
SF:pages/ctrl_error.js
FN:11,(anonymous_0)
FN:12,(anonymous_1)
FN:45,(anonymous_2)
FN:52,processError
FNF:4
FNH:4
FNDA:6,(anonymous_0)
FNDA:4,(anonymous_1)
FNDA:1,(anonymous_2)
FNDA:4,processError
DA:12,6
DA:13,4
DA:14,4
DA:15,4
DA:35,4
DA:38,4
DA:44,4
DA:45,1
DA:48,4
DA:54,4
DA:55,1
DA:56,1
DA:61,3
DA:62,1
DA:63,1
DA:68,2
DA:69,2
DA:74,4
LF:18
LH:18
BRDA:54,0,0,1
BRDA:54,0,1,3
BRDA:61,1,0,1
BRDA:61,1,1,2
BRDA:72,2,0,2
BRDA:72,2,1,0
BRF:6
BRH:5
end_of_record
TN:
SF:pages/ctrl_homepage.js
FN:10,(anonymous_0)
FN:23,(anonymous_1)
FN:27,(anonymous_2)
FNF:3
FNH:3
FNDA:7,(anonymous_0)
FNDA:3,(anonymous_1)
FNDA:1,(anonymous_2)
DA:11,7
DA:12,7
DA:13,2
DA:17,2
DA:20,5
DA:22,5
DA:24,3
DA:25,2
DA:28,1
DA:29,1
LF:10
LH:10
BRDA:12,0,0,2
BRDA:12,0,1,5
BRDA:15,1,0,2
BRDA:15,1,1,1
BRDA:23,2,0,2
BRDA:24,3,0,1
BRDA:24,3,1,2
BRF:7
BRH:7
end_of_record
TN:
SF:pages/ctrl_logout.js
FN:8,(anonymous_0)
FN:12,(anonymous_1)
FNF:2
FNH:2
FNDA:2,(anonymous_0)
FNDA:1,(anonymous_1)
DA:9,2
DA:11,2
DA:12,1
LF:3
LH:3
BRF:0
BRH:0
end_of_record
TN:
SF:pages/adminpage/animate.js
FN:3,(anonymous_0)
FNF:1
FNH:1
FNDA:1,(anonymous_0)
DA:4,1
DA:10,2
LF:2
LH:2
BRF:0
BRH:0
end_of_record
TN:
SF:pages/adminpage/ctrl_about.js
FN:10,(anonymous_0)
FN:21,(anonymous_1)
FNF:2
FNH:2
FNDA:1,(anonymous_0)
FNDA:1,(anonymous_1)
DA:11,1
DA:12,1
DA:18,1
DA:20,1
DA:21,1
LF:5
LH:5
BRF:0
BRH:0
end_of_record
TN:
SF:pages/adminpage/ctrl_login.js
FN:11,(anonymous_0)
FN:41,(anonymous_1)
FN:45,(anonymous_2)
FN:60,(anonymous_3)
FNF:4
FNH:4
FNDA:3,(anonymous_0)
FNDA:1,(anonymous_1)
FNDA:1,(anonymous_2)
FNDA:3,(anonymous_3)
DA:12,3
DA:13,3
DA:28,3
DA:35,3
DA:41,1
DA:45,1
DA:53,3
DA:58,3
DA:60,3
LF:9
LH:9
BRF:0
BRH:0
end_of_record
TN:
SF:pages/adminpage/ctrl_settings.js
FN:14,(anonymous_0)
FN:30,(anonymous_1)
FN:44,(anonymous_2)
FN:45,(anonymous_3)
FN:53,(anonymous_4)
FN:55,(anonymous_5)
FN:64,(anonymous_6)
FN:72,(anonymous_7)
FNF:8
FNH:0
FNDA:0,(anonymous_0)
FNDA:0,(anonymous_1)
FNDA:0,(anonymous_2)
FNDA:0,(anonymous_3)
FNDA:0,(anonymous_4)
FNDA:0,(anonymous_5)
FNDA:0,(anonymous_6)
FNDA:0,(anonymous_7)
DA:15,0
DA:23,0
DA:25,0
DA:29,0
DA:31,0
DA:32,0
DA:43,0
DA:44,0
DA:45,0
DA:49,0
DA:52,0
DA:53,0
DA:55,0
DA:64,1
DA:65,0
DA:66,0
DA:67,0
DA:70,1
DA:73,0
DA:74,0
LF:20
LH:2
BRDA:31,0,0,0
BRDA:31,0,1,0
BRF:2
BRH:0
end_of_record
TN:
SF:pages/adminpage/decorator_admin_only.js
FN:8,AdminOnly
FN:9,(anonymous_1)
FN:10,(anonymous_2)
FN:11,(anonymous_3)
FN:14,(anonymous_4)
FN:15,(anonymous_5)
FN:16,(anonymous_6)
FN:17,(anonymous_7)
FNF:8
FNH:6
FNDA:3,AdminOnly
FNDA:3,(anonymous_1)
FNDA:0,(anonymous_2)
FNDA:0,(anonymous_3)
FNDA:2,(anonymous_4)
FNDA:1,(anonymous_5)
FNDA:3,(anonymous_6)
FNDA:3,(anonymous_7)
DA:9,3
DA:10,3
DA:11,3
DA:13,3
DA:14,2
DA:15,1
DA:16,3
DA:17,3
LF:8
LH:8
BRDA:14,0,0,1
BRDA:14,0,1,1
BRF:2
BRH:2
end_of_record
TN:
SF:pages/adminpage/decorator_sidemenu.js
FN:13,(anonymous_0)
FN:14,(anonymous_1)
FN:56,(anonymous_2)
FN:60,(anonymous_3)
FN:69,(anonymous_4)
FN:70,(anonymous_5)
FN:80,(anonymous_6)
FN:81,(anonymous_7)
FN:82,(anonymous_8)
FN:83,(anonymous_9)
FNF:10
FNH:10
FNDA:2,(anonymous_0)
FNDA:2,(anonymous_1)
FNDA:2,(anonymous_2)
FNDA:2,(anonymous_3)
FNDA:4,(anonymous_4)
FNDA:4,(anonymous_5)
FNDA:2,(anonymous_6)
FNDA:8,(anonymous_7)
FNDA:1,(anonymous_8)
FNDA:1,(anonymous_9)
DA:14,2
DA:15,2
DA:16,2
DA:53,2
DA:56,2
DA:59,2
DA:60,2
DA:65,2
DA:69,4
DA:70,4
DA:79,2
DA:80,2
DA:81,8
DA:82,1
DA:83,1
LF:15
LH:15
BRDA:69,0,0,4
BRDA:69,0,1,4
BRDA:70,1,0,0
BRDA:70,1,1,4
BRF:4
BRH:3
end_of_record
TN:
SF:pages/adminpage/helper_form.js
FN:4,renderLeaf
FN:23,useForm$
FN:25,(anonymous_2)
FN:26,(anonymous_3)
FN:27,(anonymous_4)
FN:29,(anonymous_5)
FN:38,(anonymous_6)
FN:45,formObjToJSON$
FN:46,(anonymous_8)
FN:49,(anonymous_9)
FNF:10
FNH:0
FNDA:0,renderLeaf
FNDA:0,useForm$
FNDA:0,(anonymous_2)
FNDA:0,(anonymous_3)
FNDA:0,(anonymous_4)
FNDA:0,(anonymous_5)
FNDA:0,(anonymous_6)
FNDA:0,formObjToJSON$
FNDA:0,(anonymous_8)
FNDA:0,(anonymous_9)
DA:5,0
DA:24,0
DA:25,0
DA:26,0
DA:27,0
DA:30,0
DA:32,0
DA:34,0
DA:39,0
DA:40,0
DA:46,0
DA:47,0
DA:48,0
DA:49,0
DA:50,0
DA:51,0
DA:52,0
DA:54,0
DA:57,0
DA:59,0
LF:20
LH:0
BRDA:16,0,0,0
BRDA:16,0,1,0
BRDA:30,1,0,0
BRDA:30,1,1,0
BRDA:46,2,0,0
BRDA:47,3,0,0
BRDA:47,3,1,0
BRDA:51,4,0,0
BRDA:51,4,1,0
BRDA:51,5,0,0
BRDA:51,5,1,0
BRDA:51,5,2,0
BRDA:51,5,3,0
BRF:13
BRH:0
end_of_record
TN:
SF:pages/adminpage/model_admin_session.js
FN:10,(anonymous_0)
FN:11,(anonymous_1)
FN:16,isAdmin$
FN:20,authenticate$
FN:22,(anonymous_4)
FN:29,(anonymous_5)
FN:30,(anonymous_6)
FNF:7
FNH:0
FNDA:0,(anonymous_0)
FNDA:0,(anonymous_1)
FNDA:0,isAdmin$
FNDA:0,authenticate$
FNDA:0,(anonymous_4)
FNDA:0,(anonymous_5)
FNDA:0,(anonymous_6)
DA:4,3
DA:6,3
DA:10,0
DA:11,0
DA:17,0
DA:21,0
DA:22,0
DA:29,0
DA:30,0
LF:9
LH:2
BRDA:30,0,0,0
BRDA:30,0,1,0
BRF:2
BRH:0
end_of_record
TN:
SF:pages/adminpage/model_audit.js
FN:6,get
FN:11,(anonymous_1)
FN:15,setLoader
FN:19,isLoading
FNF:4
FNH:1
FNDA:0,get
FNDA:0,(anonymous_1)
FNDA:0,setLoader
FNDA:2,isLoading
DA:4,1
DA:7,0
DA:11,0
DA:16,0
DA:20,2
LF:5
LH:2
BRDA:6,0,0,0
BRF:1
BRH:0
end_of_record
TN:
SF:pages/adminpage/model_config.js
FN:12,(anonymous_0)
FN:16,isSaving
FN:20,get
FN:24,save
FN:26,(anonymous_4)
FN:29,(anonymous_5)
FN:29,(anonymous_6)
FN:32,(anonymous_7)
FNF:8
FNH:1
FNDA:0,(anonymous_0)
FNDA:2,isSaving
FNDA:0,get
FNDA:0,save
FNDA:0,(anonymous_4)
FNDA:0,(anonymous_5)
FNDA:0,(anonymous_6)
FNDA:0,(anonymous_7)
DA:4,2
DA:6,2
DA:12,0
DA:17,2
DA:21,0
DA:25,0
DA:26,0
DA:29,0
DA:30,0
DA:32,0
LF:10
LH:3
BRDA:30,0,0,0
BRDA:30,0,1,0
BRF:2
BRH:0
end_of_record
TN:
SF:pages/adminpage/model_release.js
FN:9,get
FN:11,(anonymous_1)
FNF:2
FNH:2
FNDA:5,get
FNDA:1,(anonymous_1)
DA:4,14
DA:10,5
DA:12,1
DA:13,1
DA:14,1
LF:5
LH:5
BRF:0
BRH:0
end_of_record
